ARM GAS  /tmp/ccVOeNy0.s 			page 1


   1              		.cpu cortex-m3
   2              		.arch armv7-m
   3              		.fpu softvfp
   4              		.eabi_attribute 20, 1
   5              		.eabi_attribute 21, 1
   6              		.eabi_attribute 23, 3
   7              		.eabi_attribute 24, 1
   8              		.eabi_attribute 25, 1
   9              		.eabi_attribute 26, 1
  10              		.eabi_attribute 30, 1
  11              		.eabi_attribute 34, 1
  12              		.eabi_attribute 18, 4
  13              		.file	"gpio.c"
  14              		.text
  15              	.Ltext0:
  16              		.cfi_sections	.debug_frame
  17              		.file 1 "Core/Src/gpio.c"
  18              		.section	.text.MX_GPIO_Init,"ax",%progbits
  19              		.align	1
  20              		.global	MX_GPIO_Init
  21              		.syntax unified
  22              		.thumb
  23              		.thumb_func
  25              	MX_GPIO_Init:
  26              	.LFB65:
   1:Core/Src/gpio.c **** /* USER CODE BEGIN Header */
   2:Core/Src/gpio.c **** /**
   3:Core/Src/gpio.c ****   ******************************************************************************
   4:Core/Src/gpio.c ****   * @file    gpio.c
   5:Core/Src/gpio.c ****   * @brief   This file provides code for the configuration
   6:Core/Src/gpio.c ****   *          of all used GPIO pins.
   7:Core/Src/gpio.c ****   ******************************************************************************
   8:Core/Src/gpio.c ****   * @attention
   9:Core/Src/gpio.c ****   *
  10:Core/Src/gpio.c ****   * Copyright (c) 2023 STMicroelectronics.
  11:Core/Src/gpio.c ****   * All rights reserved.
  12:Core/Src/gpio.c ****   *
  13:Core/Src/gpio.c ****   * This software is licensed under terms that can be found in the LICENSE file
  14:Core/Src/gpio.c ****   * in the root directory of this software component.
  15:Core/Src/gpio.c ****   * If no LICENSE file comes with this software, it is provided AS-IS.
  16:Core/Src/gpio.c ****   *
  17:Core/Src/gpio.c ****   ******************************************************************************
  18:Core/Src/gpio.c ****   */
  19:Core/Src/gpio.c **** /* USER CODE END Header */
  20:Core/Src/gpio.c **** 
  21:Core/Src/gpio.c **** /* Includes ------------------------------------------------------------------*/
  22:Core/Src/gpio.c **** #include "gpio.h"
  23:Core/Src/gpio.c **** 
  24:Core/Src/gpio.c **** /* USER CODE BEGIN 0 */
  25:Core/Src/gpio.c **** 
  26:Core/Src/gpio.c **** /* USER CODE END 0 */
  27:Core/Src/gpio.c **** 
  28:Core/Src/gpio.c **** /*----------------------------------------------------------------------------*/
  29:Core/Src/gpio.c **** /* Configure GPIO                                                             */
  30:Core/Src/gpio.c **** /*----------------------------------------------------------------------------*/
  31:Core/Src/gpio.c **** /* USER CODE BEGIN 1 */
  32:Core/Src/gpio.c **** 
ARM GAS  /tmp/ccVOeNy0.s 			page 2


  33:Core/Src/gpio.c **** /* USER CODE END 1 */
  34:Core/Src/gpio.c **** 
  35:Core/Src/gpio.c **** /** Configure pins as
  36:Core/Src/gpio.c ****         * Analog
  37:Core/Src/gpio.c ****         * Input
  38:Core/Src/gpio.c ****         * Output
  39:Core/Src/gpio.c ****         * EVENT_OUT
  40:Core/Src/gpio.c ****         * EXTI
  41:Core/Src/gpio.c **** */
  42:Core/Src/gpio.c **** void MX_GPIO_Init(void)
  43:Core/Src/gpio.c **** {
  27              		.loc 1 43 1 view -0
  28              		.cfi_startproc
  29              		@ args = 0, pretend = 0, frame = 32
  30              		@ frame_needed = 0, uses_anonymous_args = 0
  31 0000 30B5     		push	{r4, r5, lr}
  32              	.LCFI0:
  33              		.cfi_def_cfa_offset 12
  34              		.cfi_offset 4, -12
  35              		.cfi_offset 5, -8
  36              		.cfi_offset 14, -4
  37 0002 89B0     		sub	sp, sp, #36
  38              	.LCFI1:
  39              		.cfi_def_cfa_offset 48
  44:Core/Src/gpio.c **** 
  45:Core/Src/gpio.c ****   GPIO_InitTypeDef GPIO_InitStruct = {0};
  40              		.loc 1 45 3 view .LVU1
  41              		.loc 1 45 20 is_stmt 0 view .LVU2
  42 0004 0024     		movs	r4, #0
  43 0006 0494     		str	r4, [sp, #16]
  44 0008 0594     		str	r4, [sp, #20]
  45 000a 0694     		str	r4, [sp, #24]
  46 000c 0794     		str	r4, [sp, #28]
  46:Core/Src/gpio.c **** 
  47:Core/Src/gpio.c ****   /* GPIO Ports Clock Enable */
  48:Core/Src/gpio.c ****   __HAL_RCC_GPIOE_CLK_ENABLE();
  47              		.loc 1 48 3 is_stmt 1 view .LVU3
  48              	.LBB2:
  49              		.loc 1 48 3 view .LVU4
  50              		.loc 1 48 3 view .LVU5
  51 000e 174B     		ldr	r3, .L3
  52 0010 9A69     		ldr	r2, [r3, #24]
  53 0012 42F04002 		orr	r2, r2, #64
  54 0016 9A61     		str	r2, [r3, #24]
  55              		.loc 1 48 3 view .LVU6
  56 0018 9A69     		ldr	r2, [r3, #24]
  57 001a 02F04002 		and	r2, r2, #64
  58 001e 0192     		str	r2, [sp, #4]
  59              		.loc 1 48 3 view .LVU7
  60 0020 019A     		ldr	r2, [sp, #4]
  61              	.LBE2:
  62              		.loc 1 48 3 view .LVU8
  49:Core/Src/gpio.c ****   __HAL_RCC_GPIOC_CLK_ENABLE();
  63              		.loc 1 49 3 view .LVU9
  64              	.LBB3:
  65              		.loc 1 49 3 view .LVU10
  66              		.loc 1 49 3 view .LVU11
ARM GAS  /tmp/ccVOeNy0.s 			page 3


  67 0022 9A69     		ldr	r2, [r3, #24]
  68 0024 42F01002 		orr	r2, r2, #16
  69 0028 9A61     		str	r2, [r3, #24]
  70              		.loc 1 49 3 view .LVU12
  71 002a 9A69     		ldr	r2, [r3, #24]
  72 002c 02F01002 		and	r2, r2, #16
  73 0030 0292     		str	r2, [sp, #8]
  74              		.loc 1 49 3 view .LVU13
  75 0032 029A     		ldr	r2, [sp, #8]
  76              	.LBE3:
  77              		.loc 1 49 3 view .LVU14
  50:Core/Src/gpio.c ****   __HAL_RCC_GPIOA_CLK_ENABLE();
  78              		.loc 1 50 3 view .LVU15
  79              	.LBB4:
  80              		.loc 1 50 3 view .LVU16
  81              		.loc 1 50 3 view .LVU17
  82 0034 9A69     		ldr	r2, [r3, #24]
  83 0036 42F00402 		orr	r2, r2, #4
  84 003a 9A61     		str	r2, [r3, #24]
  85              		.loc 1 50 3 view .LVU18
  86 003c 9B69     		ldr	r3, [r3, #24]
  87 003e 03F00403 		and	r3, r3, #4
  88 0042 0393     		str	r3, [sp, #12]
  89              		.loc 1 50 3 view .LVU19
  90 0044 039B     		ldr	r3, [sp, #12]
  91              	.LBE4:
  92              		.loc 1 50 3 view .LVU20
  51:Core/Src/gpio.c **** 
  52:Core/Src/gpio.c ****   /*Configure GPIO pins : PEPin PEPin */
  53:Core/Src/gpio.c ****   GPIO_InitStruct.Pin = KEY1_Pin|KEY0_Pin;
  93              		.loc 1 53 3 view .LVU21
  94              		.loc 1 53 23 is_stmt 0 view .LVU22
  95 0046 1823     		movs	r3, #24
  96 0048 0493     		str	r3, [sp, #16]
  54:Core/Src/gpio.c ****   GPIO_InitStruct.Mode = GPIO_MODE_INPUT;
  97              		.loc 1 54 3 is_stmt 1 view .LVU23
  55:Core/Src/gpio.c ****   GPIO_InitStruct.Pull = GPIO_PULLUP;
  98              		.loc 1 55 3 view .LVU24
  99              		.loc 1 55 24 is_stmt 0 view .LVU25
 100 004a 0125     		movs	r5, #1
 101 004c 0695     		str	r5, [sp, #24]
  56:Core/Src/gpio.c ****   HAL_GPIO_Init(GPIOE, &GPIO_InitStruct);
 102              		.loc 1 56 3 is_stmt 1 view .LVU26
 103 004e 04A9     		add	r1, sp, #16
 104 0050 0748     		ldr	r0, .L3+4
 105 0052 FFF7FEFF 		bl	HAL_GPIO_Init
 106              	.LVL0:
  57:Core/Src/gpio.c **** 
  58:Core/Src/gpio.c ****   /*Configure GPIO pin : PtPin */
  59:Core/Src/gpio.c ****   GPIO_InitStruct.Pin = KEY_UP_Pin;
 107              		.loc 1 59 3 view .LVU27
 108              		.loc 1 59 23 is_stmt 0 view .LVU28
 109 0056 0495     		str	r5, [sp, #16]
  60:Core/Src/gpio.c ****   GPIO_InitStruct.Mode = GPIO_MODE_INPUT;
 110              		.loc 1 60 3 is_stmt 1 view .LVU29
 111              		.loc 1 60 24 is_stmt 0 view .LVU30
 112 0058 0594     		str	r4, [sp, #20]
ARM GAS  /tmp/ccVOeNy0.s 			page 4


  61:Core/Src/gpio.c ****   GPIO_InitStruct.Pull = GPIO_PULLDOWN;
 113              		.loc 1 61 3 is_stmt 1 view .LVU31
 114              		.loc 1 61 24 is_stmt 0 view .LVU32
 115 005a 0223     		movs	r3, #2
 116 005c 0693     		str	r3, [sp, #24]
  62:Core/Src/gpio.c ****   HAL_GPIO_Init(KEY_UP_GPIO_Port, &GPIO_InitStruct);
 117              		.loc 1 62 3 is_stmt 1 view .LVU33
 118 005e 04A9     		add	r1, sp, #16
 119 0060 0448     		ldr	r0, .L3+8
 120 0062 FFF7FEFF 		bl	HAL_GPIO_Init
 121              	.LVL1:
  63:Core/Src/gpio.c **** 
  64:Core/Src/gpio.c **** }
 122              		.loc 1 64 1 is_stmt 0 view .LVU34
 123 0066 09B0     		add	sp, sp, #36
 124              	.LCFI2:
 125              		.cfi_def_cfa_offset 12
 126              		@ sp needed
 127 0068 30BD     		pop	{r4, r5, pc}
 128              	.L4:
 129 006a 00BF     		.align	2
 130              	.L3:
 131 006c 00100240 		.word	1073876992
 132 0070 00180140 		.word	1073813504
 133 0074 00080140 		.word	1073809408
 134              		.cfi_endproc
 135              	.LFE65:
 137              		.text
 138              	.Letext0:
 139              		.file 2 "/home/tanjie/EmbeddedLibrary/arm-gnu-toolchain-12.2.rel1-x86_64-arm-none-eabi/arm-none-ea
 140              		.file 3 "/home/tanjie/EmbeddedLibrary/arm-gnu-toolchain-12.2.rel1-x86_64-arm-none-eabi/arm-none-ea
 141              		.file 4 "Drivers/CMSIS/Device/ST/STM32F1xx/Include/stm32f103xe.h"
 142              		.file 5 "Drivers/STM32F1xx_HAL_Driver/Inc/stm32f1xx_hal_gpio.h"
ARM GAS  /tmp/ccVOeNy0.s 			page 5


DEFINED SYMBOLS
                            *ABS*:0000000000000000 gpio.c
     /tmp/ccVOeNy0.s:19     .text.MX_GPIO_Init:0000000000000000 $t
     /tmp/ccVOeNy0.s:25     .text.MX_GPIO_Init:0000000000000000 MX_GPIO_Init
     /tmp/ccVOeNy0.s:131    .text.MX_GPIO_Init:000000000000006c $d

UNDEFINED SYMBOLS
HAL_GPIO_Init
