ARM GAS  /tmp/ccBNQ2No.s 			page 1


   1              		.cpu cortex-m3
   2              		.arch armv7-m
   3              		.fpu softvfp
   4              		.eabi_attribute 20, 1
   5              		.eabi_attribute 21, 1
   6              		.eabi_attribute 23, 3
   7              		.eabi_attribute 24, 1
   8              		.eabi_attribute 25, 1
   9              		.eabi_attribute 26, 1
  10              		.eabi_attribute 30, 1
  11              		.eabi_attribute 34, 1
  12              		.eabi_attribute 18, 4
  13              		.file	"usbd_msc_bot.c"
  14              		.text
  15              	.Ltext0:
  16              		.cfi_sections	.debug_frame
  17              		.file 1 "Middlewares/ST/STM32_USB_Device_Library/Class/MSC/Src/usbd_msc_bot.c"
  18              		.section	.text.MSC_BOT_SendData,"ax",%progbits
  19              		.align	1
  20              		.syntax unified
  21              		.thumb
  22              		.thumb_func
  24              	MSC_BOT_SendData:
  25              	.LVL0:
  26              	.LFB74:
   1:Middlewares/ST/STM32_USB_Device_Library/Class/MSC/Src/usbd_msc_bot.c **** /**
   2:Middlewares/ST/STM32_USB_Device_Library/Class/MSC/Src/usbd_msc_bot.c ****   ******************************************************************************
   3:Middlewares/ST/STM32_USB_Device_Library/Class/MSC/Src/usbd_msc_bot.c ****   * @file    usbd_msc_bot.c
   4:Middlewares/ST/STM32_USB_Device_Library/Class/MSC/Src/usbd_msc_bot.c ****   * @author  MCD Application Team
   5:Middlewares/ST/STM32_USB_Device_Library/Class/MSC/Src/usbd_msc_bot.c ****   * @brief   This file provides all the BOT protocol core functions.
   6:Middlewares/ST/STM32_USB_Device_Library/Class/MSC/Src/usbd_msc_bot.c ****   ******************************************************************************
   7:Middlewares/ST/STM32_USB_Device_Library/Class/MSC/Src/usbd_msc_bot.c ****   * @attention
   8:Middlewares/ST/STM32_USB_Device_Library/Class/MSC/Src/usbd_msc_bot.c ****   *
   9:Middlewares/ST/STM32_USB_Device_Library/Class/MSC/Src/usbd_msc_bot.c ****   * <h2><center>&copy; Copyright (c) 2015 STMicroelectronics.
  10:Middlewares/ST/STM32_USB_Device_Library/Class/MSC/Src/usbd_msc_bot.c ****   * All rights reserved.</center></h2>
  11:Middlewares/ST/STM32_USB_Device_Library/Class/MSC/Src/usbd_msc_bot.c ****   *
  12:Middlewares/ST/STM32_USB_Device_Library/Class/MSC/Src/usbd_msc_bot.c ****   * This software component is licensed by ST under Ultimate Liberty license
  13:Middlewares/ST/STM32_USB_Device_Library/Class/MSC/Src/usbd_msc_bot.c ****   * SLA0044, the "License"; You may not use this file except in compliance with
  14:Middlewares/ST/STM32_USB_Device_Library/Class/MSC/Src/usbd_msc_bot.c ****   * the License. You may obtain a copy of the License at:
  15:Middlewares/ST/STM32_USB_Device_Library/Class/MSC/Src/usbd_msc_bot.c ****   *                      www.st.com/SLA0044
  16:Middlewares/ST/STM32_USB_Device_Library/Class/MSC/Src/usbd_msc_bot.c ****   *
  17:Middlewares/ST/STM32_USB_Device_Library/Class/MSC/Src/usbd_msc_bot.c ****   ******************************************************************************
  18:Middlewares/ST/STM32_USB_Device_Library/Class/MSC/Src/usbd_msc_bot.c ****   */
  19:Middlewares/ST/STM32_USB_Device_Library/Class/MSC/Src/usbd_msc_bot.c **** 
  20:Middlewares/ST/STM32_USB_Device_Library/Class/MSC/Src/usbd_msc_bot.c **** /* BSPDependencies
  21:Middlewares/ST/STM32_USB_Device_Library/Class/MSC/Src/usbd_msc_bot.c **** - "stm32xxxxx_{eval}{discovery}{nucleo_144}.c"
  22:Middlewares/ST/STM32_USB_Device_Library/Class/MSC/Src/usbd_msc_bot.c **** - "stm32xxxxx_{eval}{discovery}_io.c"
  23:Middlewares/ST/STM32_USB_Device_Library/Class/MSC/Src/usbd_msc_bot.c **** - "stm32xxxxx_{eval}{discovery}{adafruit}_sd.c"
  24:Middlewares/ST/STM32_USB_Device_Library/Class/MSC/Src/usbd_msc_bot.c **** EndBSPDependencies */
  25:Middlewares/ST/STM32_USB_Device_Library/Class/MSC/Src/usbd_msc_bot.c **** 
  26:Middlewares/ST/STM32_USB_Device_Library/Class/MSC/Src/usbd_msc_bot.c **** /* Includes ------------------------------------------------------------------*/
  27:Middlewares/ST/STM32_USB_Device_Library/Class/MSC/Src/usbd_msc_bot.c **** #include "usbd_msc_bot.h"
  28:Middlewares/ST/STM32_USB_Device_Library/Class/MSC/Src/usbd_msc_bot.c **** #include "usbd_msc.h"
  29:Middlewares/ST/STM32_USB_Device_Library/Class/MSC/Src/usbd_msc_bot.c **** #include "usbd_msc_scsi.h"
  30:Middlewares/ST/STM32_USB_Device_Library/Class/MSC/Src/usbd_msc_bot.c **** #include "usbd_ioreq.h"
  31:Middlewares/ST/STM32_USB_Device_Library/Class/MSC/Src/usbd_msc_bot.c **** 
  32:Middlewares/ST/STM32_USB_Device_Library/Class/MSC/Src/usbd_msc_bot.c **** /** @addtogroup STM32_USB_DEVICE_LIBRARY
ARM GAS  /tmp/ccBNQ2No.s 			page 2


  33:Middlewares/ST/STM32_USB_Device_Library/Class/MSC/Src/usbd_msc_bot.c ****   * @{
  34:Middlewares/ST/STM32_USB_Device_Library/Class/MSC/Src/usbd_msc_bot.c ****   */
  35:Middlewares/ST/STM32_USB_Device_Library/Class/MSC/Src/usbd_msc_bot.c **** 
  36:Middlewares/ST/STM32_USB_Device_Library/Class/MSC/Src/usbd_msc_bot.c **** 
  37:Middlewares/ST/STM32_USB_Device_Library/Class/MSC/Src/usbd_msc_bot.c **** /** @defgroup MSC_BOT
  38:Middlewares/ST/STM32_USB_Device_Library/Class/MSC/Src/usbd_msc_bot.c ****   * @brief BOT protocol module
  39:Middlewares/ST/STM32_USB_Device_Library/Class/MSC/Src/usbd_msc_bot.c ****   * @{
  40:Middlewares/ST/STM32_USB_Device_Library/Class/MSC/Src/usbd_msc_bot.c ****   */
  41:Middlewares/ST/STM32_USB_Device_Library/Class/MSC/Src/usbd_msc_bot.c **** 
  42:Middlewares/ST/STM32_USB_Device_Library/Class/MSC/Src/usbd_msc_bot.c **** /** @defgroup MSC_BOT_Private_TypesDefinitions
  43:Middlewares/ST/STM32_USB_Device_Library/Class/MSC/Src/usbd_msc_bot.c ****   * @{
  44:Middlewares/ST/STM32_USB_Device_Library/Class/MSC/Src/usbd_msc_bot.c ****   */
  45:Middlewares/ST/STM32_USB_Device_Library/Class/MSC/Src/usbd_msc_bot.c **** /**
  46:Middlewares/ST/STM32_USB_Device_Library/Class/MSC/Src/usbd_msc_bot.c ****   * @}
  47:Middlewares/ST/STM32_USB_Device_Library/Class/MSC/Src/usbd_msc_bot.c ****   */
  48:Middlewares/ST/STM32_USB_Device_Library/Class/MSC/Src/usbd_msc_bot.c **** 
  49:Middlewares/ST/STM32_USB_Device_Library/Class/MSC/Src/usbd_msc_bot.c **** 
  50:Middlewares/ST/STM32_USB_Device_Library/Class/MSC/Src/usbd_msc_bot.c **** /** @defgroup MSC_BOT_Private_Defines
  51:Middlewares/ST/STM32_USB_Device_Library/Class/MSC/Src/usbd_msc_bot.c ****   * @{
  52:Middlewares/ST/STM32_USB_Device_Library/Class/MSC/Src/usbd_msc_bot.c ****   */
  53:Middlewares/ST/STM32_USB_Device_Library/Class/MSC/Src/usbd_msc_bot.c **** 
  54:Middlewares/ST/STM32_USB_Device_Library/Class/MSC/Src/usbd_msc_bot.c **** /**
  55:Middlewares/ST/STM32_USB_Device_Library/Class/MSC/Src/usbd_msc_bot.c ****   * @}
  56:Middlewares/ST/STM32_USB_Device_Library/Class/MSC/Src/usbd_msc_bot.c ****   */
  57:Middlewares/ST/STM32_USB_Device_Library/Class/MSC/Src/usbd_msc_bot.c **** 
  58:Middlewares/ST/STM32_USB_Device_Library/Class/MSC/Src/usbd_msc_bot.c **** 
  59:Middlewares/ST/STM32_USB_Device_Library/Class/MSC/Src/usbd_msc_bot.c **** /** @defgroup MSC_BOT_Private_Macros
  60:Middlewares/ST/STM32_USB_Device_Library/Class/MSC/Src/usbd_msc_bot.c ****   * @{
  61:Middlewares/ST/STM32_USB_Device_Library/Class/MSC/Src/usbd_msc_bot.c ****   */
  62:Middlewares/ST/STM32_USB_Device_Library/Class/MSC/Src/usbd_msc_bot.c **** /**
  63:Middlewares/ST/STM32_USB_Device_Library/Class/MSC/Src/usbd_msc_bot.c ****   * @}
  64:Middlewares/ST/STM32_USB_Device_Library/Class/MSC/Src/usbd_msc_bot.c ****   */
  65:Middlewares/ST/STM32_USB_Device_Library/Class/MSC/Src/usbd_msc_bot.c **** 
  66:Middlewares/ST/STM32_USB_Device_Library/Class/MSC/Src/usbd_msc_bot.c **** 
  67:Middlewares/ST/STM32_USB_Device_Library/Class/MSC/Src/usbd_msc_bot.c **** /** @defgroup MSC_BOT_Private_Variables
  68:Middlewares/ST/STM32_USB_Device_Library/Class/MSC/Src/usbd_msc_bot.c ****   * @{
  69:Middlewares/ST/STM32_USB_Device_Library/Class/MSC/Src/usbd_msc_bot.c ****   */
  70:Middlewares/ST/STM32_USB_Device_Library/Class/MSC/Src/usbd_msc_bot.c **** 
  71:Middlewares/ST/STM32_USB_Device_Library/Class/MSC/Src/usbd_msc_bot.c **** /**
  72:Middlewares/ST/STM32_USB_Device_Library/Class/MSC/Src/usbd_msc_bot.c ****   * @}
  73:Middlewares/ST/STM32_USB_Device_Library/Class/MSC/Src/usbd_msc_bot.c ****   */
  74:Middlewares/ST/STM32_USB_Device_Library/Class/MSC/Src/usbd_msc_bot.c **** 
  75:Middlewares/ST/STM32_USB_Device_Library/Class/MSC/Src/usbd_msc_bot.c **** 
  76:Middlewares/ST/STM32_USB_Device_Library/Class/MSC/Src/usbd_msc_bot.c **** /** @defgroup MSC_BOT_Private_FunctionPrototypes
  77:Middlewares/ST/STM32_USB_Device_Library/Class/MSC/Src/usbd_msc_bot.c ****   * @{
  78:Middlewares/ST/STM32_USB_Device_Library/Class/MSC/Src/usbd_msc_bot.c ****   */
  79:Middlewares/ST/STM32_USB_Device_Library/Class/MSC/Src/usbd_msc_bot.c **** static void MSC_BOT_CBW_Decode(USBD_HandleTypeDef  *pdev);
  80:Middlewares/ST/STM32_USB_Device_Library/Class/MSC/Src/usbd_msc_bot.c **** static void MSC_BOT_SendData(USBD_HandleTypeDef *pdev, uint8_t *pbuf,
  81:Middlewares/ST/STM32_USB_Device_Library/Class/MSC/Src/usbd_msc_bot.c ****                              uint16_t len);
  82:Middlewares/ST/STM32_USB_Device_Library/Class/MSC/Src/usbd_msc_bot.c **** 
  83:Middlewares/ST/STM32_USB_Device_Library/Class/MSC/Src/usbd_msc_bot.c **** static void MSC_BOT_Abort(USBD_HandleTypeDef  *pdev);
  84:Middlewares/ST/STM32_USB_Device_Library/Class/MSC/Src/usbd_msc_bot.c **** /**
  85:Middlewares/ST/STM32_USB_Device_Library/Class/MSC/Src/usbd_msc_bot.c ****   * @}
  86:Middlewares/ST/STM32_USB_Device_Library/Class/MSC/Src/usbd_msc_bot.c ****   */
  87:Middlewares/ST/STM32_USB_Device_Library/Class/MSC/Src/usbd_msc_bot.c **** 
  88:Middlewares/ST/STM32_USB_Device_Library/Class/MSC/Src/usbd_msc_bot.c **** 
  89:Middlewares/ST/STM32_USB_Device_Library/Class/MSC/Src/usbd_msc_bot.c **** /** @defgroup MSC_BOT_Private_Functions
ARM GAS  /tmp/ccBNQ2No.s 			page 3


  90:Middlewares/ST/STM32_USB_Device_Library/Class/MSC/Src/usbd_msc_bot.c ****   * @{
  91:Middlewares/ST/STM32_USB_Device_Library/Class/MSC/Src/usbd_msc_bot.c ****   */
  92:Middlewares/ST/STM32_USB_Device_Library/Class/MSC/Src/usbd_msc_bot.c **** 
  93:Middlewares/ST/STM32_USB_Device_Library/Class/MSC/Src/usbd_msc_bot.c **** 
  94:Middlewares/ST/STM32_USB_Device_Library/Class/MSC/Src/usbd_msc_bot.c **** 
  95:Middlewares/ST/STM32_USB_Device_Library/Class/MSC/Src/usbd_msc_bot.c **** /**
  96:Middlewares/ST/STM32_USB_Device_Library/Class/MSC/Src/usbd_msc_bot.c **** * @brief  MSC_BOT_Init
  97:Middlewares/ST/STM32_USB_Device_Library/Class/MSC/Src/usbd_msc_bot.c **** *         Initialize the BOT Process
  98:Middlewares/ST/STM32_USB_Device_Library/Class/MSC/Src/usbd_msc_bot.c **** * @param  pdev: device instance
  99:Middlewares/ST/STM32_USB_Device_Library/Class/MSC/Src/usbd_msc_bot.c **** * @retval None
 100:Middlewares/ST/STM32_USB_Device_Library/Class/MSC/Src/usbd_msc_bot.c **** */
 101:Middlewares/ST/STM32_USB_Device_Library/Class/MSC/Src/usbd_msc_bot.c **** void MSC_BOT_Init(USBD_HandleTypeDef  *pdev)
 102:Middlewares/ST/STM32_USB_Device_Library/Class/MSC/Src/usbd_msc_bot.c **** {
 103:Middlewares/ST/STM32_USB_Device_Library/Class/MSC/Src/usbd_msc_bot.c ****   USBD_MSC_BOT_HandleTypeDef  *hmsc = (USBD_MSC_BOT_HandleTypeDef *)pdev->pClassData;
 104:Middlewares/ST/STM32_USB_Device_Library/Class/MSC/Src/usbd_msc_bot.c **** 
 105:Middlewares/ST/STM32_USB_Device_Library/Class/MSC/Src/usbd_msc_bot.c ****   hmsc->bot_state = USBD_BOT_IDLE;
 106:Middlewares/ST/STM32_USB_Device_Library/Class/MSC/Src/usbd_msc_bot.c ****   hmsc->bot_status = USBD_BOT_STATUS_NORMAL;
 107:Middlewares/ST/STM32_USB_Device_Library/Class/MSC/Src/usbd_msc_bot.c **** 
 108:Middlewares/ST/STM32_USB_Device_Library/Class/MSC/Src/usbd_msc_bot.c ****   hmsc->scsi_sense_tail = 0U;
 109:Middlewares/ST/STM32_USB_Device_Library/Class/MSC/Src/usbd_msc_bot.c ****   hmsc->scsi_sense_head = 0U;
 110:Middlewares/ST/STM32_USB_Device_Library/Class/MSC/Src/usbd_msc_bot.c **** 
 111:Middlewares/ST/STM32_USB_Device_Library/Class/MSC/Src/usbd_msc_bot.c ****   ((USBD_StorageTypeDef *)pdev->pUserData)->Init(0U);
 112:Middlewares/ST/STM32_USB_Device_Library/Class/MSC/Src/usbd_msc_bot.c **** 
 113:Middlewares/ST/STM32_USB_Device_Library/Class/MSC/Src/usbd_msc_bot.c ****   USBD_LL_FlushEP(pdev, MSC_EPOUT_ADDR);
 114:Middlewares/ST/STM32_USB_Device_Library/Class/MSC/Src/usbd_msc_bot.c ****   USBD_LL_FlushEP(pdev, MSC_EPIN_ADDR);
 115:Middlewares/ST/STM32_USB_Device_Library/Class/MSC/Src/usbd_msc_bot.c **** 
 116:Middlewares/ST/STM32_USB_Device_Library/Class/MSC/Src/usbd_msc_bot.c ****   /* Prapare EP to Receive First BOT Cmd */
 117:Middlewares/ST/STM32_USB_Device_Library/Class/MSC/Src/usbd_msc_bot.c ****   USBD_LL_PrepareReceive(pdev, MSC_EPOUT_ADDR, (uint8_t *)(void *)&hmsc->cbw,
 118:Middlewares/ST/STM32_USB_Device_Library/Class/MSC/Src/usbd_msc_bot.c ****                          USBD_BOT_CBW_LENGTH);
 119:Middlewares/ST/STM32_USB_Device_Library/Class/MSC/Src/usbd_msc_bot.c **** }
 120:Middlewares/ST/STM32_USB_Device_Library/Class/MSC/Src/usbd_msc_bot.c **** 
 121:Middlewares/ST/STM32_USB_Device_Library/Class/MSC/Src/usbd_msc_bot.c **** /**
 122:Middlewares/ST/STM32_USB_Device_Library/Class/MSC/Src/usbd_msc_bot.c **** * @brief  MSC_BOT_Reset
 123:Middlewares/ST/STM32_USB_Device_Library/Class/MSC/Src/usbd_msc_bot.c **** *         Reset the BOT Machine
 124:Middlewares/ST/STM32_USB_Device_Library/Class/MSC/Src/usbd_msc_bot.c **** * @param  pdev: device instance
 125:Middlewares/ST/STM32_USB_Device_Library/Class/MSC/Src/usbd_msc_bot.c **** * @retval  None
 126:Middlewares/ST/STM32_USB_Device_Library/Class/MSC/Src/usbd_msc_bot.c **** */
 127:Middlewares/ST/STM32_USB_Device_Library/Class/MSC/Src/usbd_msc_bot.c **** void MSC_BOT_Reset(USBD_HandleTypeDef  *pdev)
 128:Middlewares/ST/STM32_USB_Device_Library/Class/MSC/Src/usbd_msc_bot.c **** {
 129:Middlewares/ST/STM32_USB_Device_Library/Class/MSC/Src/usbd_msc_bot.c ****   USBD_MSC_BOT_HandleTypeDef  *hmsc = (USBD_MSC_BOT_HandleTypeDef *)pdev->pClassData;
 130:Middlewares/ST/STM32_USB_Device_Library/Class/MSC/Src/usbd_msc_bot.c **** 
 131:Middlewares/ST/STM32_USB_Device_Library/Class/MSC/Src/usbd_msc_bot.c ****   hmsc->bot_state  = USBD_BOT_IDLE;
 132:Middlewares/ST/STM32_USB_Device_Library/Class/MSC/Src/usbd_msc_bot.c ****   hmsc->bot_status = USBD_BOT_STATUS_RECOVERY;
 133:Middlewares/ST/STM32_USB_Device_Library/Class/MSC/Src/usbd_msc_bot.c **** 
 134:Middlewares/ST/STM32_USB_Device_Library/Class/MSC/Src/usbd_msc_bot.c ****   /* Prapare EP to Receive First BOT Cmd */
 135:Middlewares/ST/STM32_USB_Device_Library/Class/MSC/Src/usbd_msc_bot.c ****   USBD_LL_PrepareReceive(pdev, MSC_EPOUT_ADDR, (uint8_t *)(void *)&hmsc->cbw,
 136:Middlewares/ST/STM32_USB_Device_Library/Class/MSC/Src/usbd_msc_bot.c ****                          USBD_BOT_CBW_LENGTH);
 137:Middlewares/ST/STM32_USB_Device_Library/Class/MSC/Src/usbd_msc_bot.c **** }
 138:Middlewares/ST/STM32_USB_Device_Library/Class/MSC/Src/usbd_msc_bot.c **** 
 139:Middlewares/ST/STM32_USB_Device_Library/Class/MSC/Src/usbd_msc_bot.c **** /**
 140:Middlewares/ST/STM32_USB_Device_Library/Class/MSC/Src/usbd_msc_bot.c **** * @brief  MSC_BOT_DeInit
 141:Middlewares/ST/STM32_USB_Device_Library/Class/MSC/Src/usbd_msc_bot.c **** *         Deinitialize the BOT Machine
 142:Middlewares/ST/STM32_USB_Device_Library/Class/MSC/Src/usbd_msc_bot.c **** * @param  pdev: device instance
 143:Middlewares/ST/STM32_USB_Device_Library/Class/MSC/Src/usbd_msc_bot.c **** * @retval None
 144:Middlewares/ST/STM32_USB_Device_Library/Class/MSC/Src/usbd_msc_bot.c **** */
 145:Middlewares/ST/STM32_USB_Device_Library/Class/MSC/Src/usbd_msc_bot.c **** void MSC_BOT_DeInit(USBD_HandleTypeDef  *pdev)
 146:Middlewares/ST/STM32_USB_Device_Library/Class/MSC/Src/usbd_msc_bot.c **** {
ARM GAS  /tmp/ccBNQ2No.s 			page 4


 147:Middlewares/ST/STM32_USB_Device_Library/Class/MSC/Src/usbd_msc_bot.c ****   USBD_MSC_BOT_HandleTypeDef  *hmsc = (USBD_MSC_BOT_HandleTypeDef *)pdev->pClassData;
 148:Middlewares/ST/STM32_USB_Device_Library/Class/MSC/Src/usbd_msc_bot.c ****   hmsc->bot_state = USBD_BOT_IDLE;
 149:Middlewares/ST/STM32_USB_Device_Library/Class/MSC/Src/usbd_msc_bot.c **** }
 150:Middlewares/ST/STM32_USB_Device_Library/Class/MSC/Src/usbd_msc_bot.c **** 
 151:Middlewares/ST/STM32_USB_Device_Library/Class/MSC/Src/usbd_msc_bot.c **** /**
 152:Middlewares/ST/STM32_USB_Device_Library/Class/MSC/Src/usbd_msc_bot.c **** * @brief  MSC_BOT_DataIn
 153:Middlewares/ST/STM32_USB_Device_Library/Class/MSC/Src/usbd_msc_bot.c **** *         Handle BOT IN data stage
 154:Middlewares/ST/STM32_USB_Device_Library/Class/MSC/Src/usbd_msc_bot.c **** * @param  pdev: device instance
 155:Middlewares/ST/STM32_USB_Device_Library/Class/MSC/Src/usbd_msc_bot.c **** * @param  epnum: endpoint index
 156:Middlewares/ST/STM32_USB_Device_Library/Class/MSC/Src/usbd_msc_bot.c **** * @retval None
 157:Middlewares/ST/STM32_USB_Device_Library/Class/MSC/Src/usbd_msc_bot.c **** */
 158:Middlewares/ST/STM32_USB_Device_Library/Class/MSC/Src/usbd_msc_bot.c **** void MSC_BOT_DataIn(USBD_HandleTypeDef  *pdev,
 159:Middlewares/ST/STM32_USB_Device_Library/Class/MSC/Src/usbd_msc_bot.c ****                     uint8_t epnum)
 160:Middlewares/ST/STM32_USB_Device_Library/Class/MSC/Src/usbd_msc_bot.c **** {
 161:Middlewares/ST/STM32_USB_Device_Library/Class/MSC/Src/usbd_msc_bot.c ****   USBD_MSC_BOT_HandleTypeDef  *hmsc = (USBD_MSC_BOT_HandleTypeDef *)pdev->pClassData;
 162:Middlewares/ST/STM32_USB_Device_Library/Class/MSC/Src/usbd_msc_bot.c **** 
 163:Middlewares/ST/STM32_USB_Device_Library/Class/MSC/Src/usbd_msc_bot.c ****   switch (hmsc->bot_state)
 164:Middlewares/ST/STM32_USB_Device_Library/Class/MSC/Src/usbd_msc_bot.c ****   {
 165:Middlewares/ST/STM32_USB_Device_Library/Class/MSC/Src/usbd_msc_bot.c ****     case USBD_BOT_DATA_IN:
 166:Middlewares/ST/STM32_USB_Device_Library/Class/MSC/Src/usbd_msc_bot.c ****       if (SCSI_ProcessCmd(pdev, hmsc->cbw.bLUN, &hmsc->cbw.CB[0]) < 0)
 167:Middlewares/ST/STM32_USB_Device_Library/Class/MSC/Src/usbd_msc_bot.c ****       {
 168:Middlewares/ST/STM32_USB_Device_Library/Class/MSC/Src/usbd_msc_bot.c ****         MSC_BOT_SendCSW(pdev, USBD_CSW_CMD_FAILED);
 169:Middlewares/ST/STM32_USB_Device_Library/Class/MSC/Src/usbd_msc_bot.c ****       }
 170:Middlewares/ST/STM32_USB_Device_Library/Class/MSC/Src/usbd_msc_bot.c ****       break;
 171:Middlewares/ST/STM32_USB_Device_Library/Class/MSC/Src/usbd_msc_bot.c **** 
 172:Middlewares/ST/STM32_USB_Device_Library/Class/MSC/Src/usbd_msc_bot.c ****     case USBD_BOT_SEND_DATA:
 173:Middlewares/ST/STM32_USB_Device_Library/Class/MSC/Src/usbd_msc_bot.c ****     case USBD_BOT_LAST_DATA_IN:
 174:Middlewares/ST/STM32_USB_Device_Library/Class/MSC/Src/usbd_msc_bot.c ****       MSC_BOT_SendCSW(pdev, USBD_CSW_CMD_PASSED);
 175:Middlewares/ST/STM32_USB_Device_Library/Class/MSC/Src/usbd_msc_bot.c ****       break;
 176:Middlewares/ST/STM32_USB_Device_Library/Class/MSC/Src/usbd_msc_bot.c **** 
 177:Middlewares/ST/STM32_USB_Device_Library/Class/MSC/Src/usbd_msc_bot.c ****     default:
 178:Middlewares/ST/STM32_USB_Device_Library/Class/MSC/Src/usbd_msc_bot.c ****       break;
 179:Middlewares/ST/STM32_USB_Device_Library/Class/MSC/Src/usbd_msc_bot.c ****   }
 180:Middlewares/ST/STM32_USB_Device_Library/Class/MSC/Src/usbd_msc_bot.c **** }
 181:Middlewares/ST/STM32_USB_Device_Library/Class/MSC/Src/usbd_msc_bot.c **** /**
 182:Middlewares/ST/STM32_USB_Device_Library/Class/MSC/Src/usbd_msc_bot.c **** * @brief  MSC_BOT_DataOut
 183:Middlewares/ST/STM32_USB_Device_Library/Class/MSC/Src/usbd_msc_bot.c **** *         Process MSC OUT data
 184:Middlewares/ST/STM32_USB_Device_Library/Class/MSC/Src/usbd_msc_bot.c **** * @param  pdev: device instance
 185:Middlewares/ST/STM32_USB_Device_Library/Class/MSC/Src/usbd_msc_bot.c **** * @param  epnum: endpoint index
 186:Middlewares/ST/STM32_USB_Device_Library/Class/MSC/Src/usbd_msc_bot.c **** * @retval None
 187:Middlewares/ST/STM32_USB_Device_Library/Class/MSC/Src/usbd_msc_bot.c **** */
 188:Middlewares/ST/STM32_USB_Device_Library/Class/MSC/Src/usbd_msc_bot.c **** void MSC_BOT_DataOut(USBD_HandleTypeDef  *pdev,
 189:Middlewares/ST/STM32_USB_Device_Library/Class/MSC/Src/usbd_msc_bot.c ****                      uint8_t epnum)
 190:Middlewares/ST/STM32_USB_Device_Library/Class/MSC/Src/usbd_msc_bot.c **** {
 191:Middlewares/ST/STM32_USB_Device_Library/Class/MSC/Src/usbd_msc_bot.c ****   USBD_MSC_BOT_HandleTypeDef  *hmsc = (USBD_MSC_BOT_HandleTypeDef *)pdev->pClassData;
 192:Middlewares/ST/STM32_USB_Device_Library/Class/MSC/Src/usbd_msc_bot.c **** 
 193:Middlewares/ST/STM32_USB_Device_Library/Class/MSC/Src/usbd_msc_bot.c ****   switch (hmsc->bot_state)
 194:Middlewares/ST/STM32_USB_Device_Library/Class/MSC/Src/usbd_msc_bot.c ****   {
 195:Middlewares/ST/STM32_USB_Device_Library/Class/MSC/Src/usbd_msc_bot.c ****     case USBD_BOT_IDLE:
 196:Middlewares/ST/STM32_USB_Device_Library/Class/MSC/Src/usbd_msc_bot.c ****       MSC_BOT_CBW_Decode(pdev);
 197:Middlewares/ST/STM32_USB_Device_Library/Class/MSC/Src/usbd_msc_bot.c ****       break;
 198:Middlewares/ST/STM32_USB_Device_Library/Class/MSC/Src/usbd_msc_bot.c **** 
 199:Middlewares/ST/STM32_USB_Device_Library/Class/MSC/Src/usbd_msc_bot.c ****     case USBD_BOT_DATA_OUT:
 200:Middlewares/ST/STM32_USB_Device_Library/Class/MSC/Src/usbd_msc_bot.c **** 
 201:Middlewares/ST/STM32_USB_Device_Library/Class/MSC/Src/usbd_msc_bot.c ****       if (SCSI_ProcessCmd(pdev, hmsc->cbw.bLUN, &hmsc->cbw.CB[0]) < 0)
 202:Middlewares/ST/STM32_USB_Device_Library/Class/MSC/Src/usbd_msc_bot.c ****       {
 203:Middlewares/ST/STM32_USB_Device_Library/Class/MSC/Src/usbd_msc_bot.c ****         MSC_BOT_SendCSW(pdev, USBD_CSW_CMD_FAILED);
ARM GAS  /tmp/ccBNQ2No.s 			page 5


 204:Middlewares/ST/STM32_USB_Device_Library/Class/MSC/Src/usbd_msc_bot.c ****       }
 205:Middlewares/ST/STM32_USB_Device_Library/Class/MSC/Src/usbd_msc_bot.c ****       break;
 206:Middlewares/ST/STM32_USB_Device_Library/Class/MSC/Src/usbd_msc_bot.c **** 
 207:Middlewares/ST/STM32_USB_Device_Library/Class/MSC/Src/usbd_msc_bot.c ****     default:
 208:Middlewares/ST/STM32_USB_Device_Library/Class/MSC/Src/usbd_msc_bot.c ****       break;
 209:Middlewares/ST/STM32_USB_Device_Library/Class/MSC/Src/usbd_msc_bot.c ****   }
 210:Middlewares/ST/STM32_USB_Device_Library/Class/MSC/Src/usbd_msc_bot.c **** }
 211:Middlewares/ST/STM32_USB_Device_Library/Class/MSC/Src/usbd_msc_bot.c **** 
 212:Middlewares/ST/STM32_USB_Device_Library/Class/MSC/Src/usbd_msc_bot.c **** /**
 213:Middlewares/ST/STM32_USB_Device_Library/Class/MSC/Src/usbd_msc_bot.c **** * @brief  MSC_BOT_CBW_Decode
 214:Middlewares/ST/STM32_USB_Device_Library/Class/MSC/Src/usbd_msc_bot.c **** *         Decode the CBW command and set the BOT state machine accordingly
 215:Middlewares/ST/STM32_USB_Device_Library/Class/MSC/Src/usbd_msc_bot.c **** * @param  pdev: device instance
 216:Middlewares/ST/STM32_USB_Device_Library/Class/MSC/Src/usbd_msc_bot.c **** * @retval None
 217:Middlewares/ST/STM32_USB_Device_Library/Class/MSC/Src/usbd_msc_bot.c **** */
 218:Middlewares/ST/STM32_USB_Device_Library/Class/MSC/Src/usbd_msc_bot.c **** static void  MSC_BOT_CBW_Decode(USBD_HandleTypeDef  *pdev)
 219:Middlewares/ST/STM32_USB_Device_Library/Class/MSC/Src/usbd_msc_bot.c **** {
 220:Middlewares/ST/STM32_USB_Device_Library/Class/MSC/Src/usbd_msc_bot.c ****   USBD_MSC_BOT_HandleTypeDef  *hmsc = (USBD_MSC_BOT_HandleTypeDef *)pdev->pClassData;
 221:Middlewares/ST/STM32_USB_Device_Library/Class/MSC/Src/usbd_msc_bot.c **** 
 222:Middlewares/ST/STM32_USB_Device_Library/Class/MSC/Src/usbd_msc_bot.c ****   hmsc->csw.dTag = hmsc->cbw.dTag;
 223:Middlewares/ST/STM32_USB_Device_Library/Class/MSC/Src/usbd_msc_bot.c ****   hmsc->csw.dDataResidue = hmsc->cbw.dDataLength;
 224:Middlewares/ST/STM32_USB_Device_Library/Class/MSC/Src/usbd_msc_bot.c **** 
 225:Middlewares/ST/STM32_USB_Device_Library/Class/MSC/Src/usbd_msc_bot.c ****   if ((USBD_LL_GetRxDataSize(pdev, MSC_EPOUT_ADDR) != USBD_BOT_CBW_LENGTH) ||
 226:Middlewares/ST/STM32_USB_Device_Library/Class/MSC/Src/usbd_msc_bot.c ****       (hmsc->cbw.dSignature != USBD_BOT_CBW_SIGNATURE) ||
 227:Middlewares/ST/STM32_USB_Device_Library/Class/MSC/Src/usbd_msc_bot.c ****       (hmsc->cbw.bLUN > 1U) ||
 228:Middlewares/ST/STM32_USB_Device_Library/Class/MSC/Src/usbd_msc_bot.c ****       (hmsc->cbw.bCBLength < 1U) || (hmsc->cbw.bCBLength > 16U))
 229:Middlewares/ST/STM32_USB_Device_Library/Class/MSC/Src/usbd_msc_bot.c ****   {
 230:Middlewares/ST/STM32_USB_Device_Library/Class/MSC/Src/usbd_msc_bot.c **** 
 231:Middlewares/ST/STM32_USB_Device_Library/Class/MSC/Src/usbd_msc_bot.c ****     SCSI_SenseCode(pdev, hmsc->cbw.bLUN, ILLEGAL_REQUEST, INVALID_CDB);
 232:Middlewares/ST/STM32_USB_Device_Library/Class/MSC/Src/usbd_msc_bot.c **** 
 233:Middlewares/ST/STM32_USB_Device_Library/Class/MSC/Src/usbd_msc_bot.c ****     hmsc->bot_status = USBD_BOT_STATUS_ERROR;
 234:Middlewares/ST/STM32_USB_Device_Library/Class/MSC/Src/usbd_msc_bot.c ****     MSC_BOT_Abort(pdev);
 235:Middlewares/ST/STM32_USB_Device_Library/Class/MSC/Src/usbd_msc_bot.c ****   }
 236:Middlewares/ST/STM32_USB_Device_Library/Class/MSC/Src/usbd_msc_bot.c ****   else
 237:Middlewares/ST/STM32_USB_Device_Library/Class/MSC/Src/usbd_msc_bot.c ****   {
 238:Middlewares/ST/STM32_USB_Device_Library/Class/MSC/Src/usbd_msc_bot.c ****     if (SCSI_ProcessCmd(pdev, hmsc->cbw.bLUN, &hmsc->cbw.CB[0]) < 0)
 239:Middlewares/ST/STM32_USB_Device_Library/Class/MSC/Src/usbd_msc_bot.c ****     {
 240:Middlewares/ST/STM32_USB_Device_Library/Class/MSC/Src/usbd_msc_bot.c ****       if (hmsc->bot_state == USBD_BOT_NO_DATA)
 241:Middlewares/ST/STM32_USB_Device_Library/Class/MSC/Src/usbd_msc_bot.c ****       {
 242:Middlewares/ST/STM32_USB_Device_Library/Class/MSC/Src/usbd_msc_bot.c ****         MSC_BOT_SendCSW(pdev, USBD_CSW_CMD_FAILED);
 243:Middlewares/ST/STM32_USB_Device_Library/Class/MSC/Src/usbd_msc_bot.c ****       }
 244:Middlewares/ST/STM32_USB_Device_Library/Class/MSC/Src/usbd_msc_bot.c ****       else
 245:Middlewares/ST/STM32_USB_Device_Library/Class/MSC/Src/usbd_msc_bot.c ****       {
 246:Middlewares/ST/STM32_USB_Device_Library/Class/MSC/Src/usbd_msc_bot.c ****         MSC_BOT_Abort(pdev);
 247:Middlewares/ST/STM32_USB_Device_Library/Class/MSC/Src/usbd_msc_bot.c ****       }
 248:Middlewares/ST/STM32_USB_Device_Library/Class/MSC/Src/usbd_msc_bot.c ****     }
 249:Middlewares/ST/STM32_USB_Device_Library/Class/MSC/Src/usbd_msc_bot.c ****     /*Burst xfer handled internally*/
 250:Middlewares/ST/STM32_USB_Device_Library/Class/MSC/Src/usbd_msc_bot.c ****     else if ((hmsc->bot_state != USBD_BOT_DATA_IN) &&
 251:Middlewares/ST/STM32_USB_Device_Library/Class/MSC/Src/usbd_msc_bot.c ****              (hmsc->bot_state != USBD_BOT_DATA_OUT) &&
 252:Middlewares/ST/STM32_USB_Device_Library/Class/MSC/Src/usbd_msc_bot.c ****              (hmsc->bot_state != USBD_BOT_LAST_DATA_IN))
 253:Middlewares/ST/STM32_USB_Device_Library/Class/MSC/Src/usbd_msc_bot.c ****     {
 254:Middlewares/ST/STM32_USB_Device_Library/Class/MSC/Src/usbd_msc_bot.c ****       if (hmsc->bot_data_length > 0U)
 255:Middlewares/ST/STM32_USB_Device_Library/Class/MSC/Src/usbd_msc_bot.c ****       {
 256:Middlewares/ST/STM32_USB_Device_Library/Class/MSC/Src/usbd_msc_bot.c ****         MSC_BOT_SendData(pdev, hmsc->bot_data, hmsc->bot_data_length);
 257:Middlewares/ST/STM32_USB_Device_Library/Class/MSC/Src/usbd_msc_bot.c ****       }
 258:Middlewares/ST/STM32_USB_Device_Library/Class/MSC/Src/usbd_msc_bot.c ****       else if (hmsc->bot_data_length == 0U)
 259:Middlewares/ST/STM32_USB_Device_Library/Class/MSC/Src/usbd_msc_bot.c ****       {
 260:Middlewares/ST/STM32_USB_Device_Library/Class/MSC/Src/usbd_msc_bot.c ****         MSC_BOT_SendCSW(pdev, USBD_CSW_CMD_PASSED);
ARM GAS  /tmp/ccBNQ2No.s 			page 6


 261:Middlewares/ST/STM32_USB_Device_Library/Class/MSC/Src/usbd_msc_bot.c ****       }
 262:Middlewares/ST/STM32_USB_Device_Library/Class/MSC/Src/usbd_msc_bot.c ****       else
 263:Middlewares/ST/STM32_USB_Device_Library/Class/MSC/Src/usbd_msc_bot.c ****       {
 264:Middlewares/ST/STM32_USB_Device_Library/Class/MSC/Src/usbd_msc_bot.c ****         MSC_BOT_Abort(pdev);
 265:Middlewares/ST/STM32_USB_Device_Library/Class/MSC/Src/usbd_msc_bot.c ****       }
 266:Middlewares/ST/STM32_USB_Device_Library/Class/MSC/Src/usbd_msc_bot.c ****     }
 267:Middlewares/ST/STM32_USB_Device_Library/Class/MSC/Src/usbd_msc_bot.c ****     else
 268:Middlewares/ST/STM32_USB_Device_Library/Class/MSC/Src/usbd_msc_bot.c ****     {
 269:Middlewares/ST/STM32_USB_Device_Library/Class/MSC/Src/usbd_msc_bot.c ****       return;
 270:Middlewares/ST/STM32_USB_Device_Library/Class/MSC/Src/usbd_msc_bot.c ****     }
 271:Middlewares/ST/STM32_USB_Device_Library/Class/MSC/Src/usbd_msc_bot.c ****   }
 272:Middlewares/ST/STM32_USB_Device_Library/Class/MSC/Src/usbd_msc_bot.c **** }
 273:Middlewares/ST/STM32_USB_Device_Library/Class/MSC/Src/usbd_msc_bot.c **** 
 274:Middlewares/ST/STM32_USB_Device_Library/Class/MSC/Src/usbd_msc_bot.c **** /**
 275:Middlewares/ST/STM32_USB_Device_Library/Class/MSC/Src/usbd_msc_bot.c **** * @brief  MSC_BOT_SendData
 276:Middlewares/ST/STM32_USB_Device_Library/Class/MSC/Src/usbd_msc_bot.c **** *         Send the requested data
 277:Middlewares/ST/STM32_USB_Device_Library/Class/MSC/Src/usbd_msc_bot.c **** * @param  pdev: device instance
 278:Middlewares/ST/STM32_USB_Device_Library/Class/MSC/Src/usbd_msc_bot.c **** * @param  buf: pointer to data buffer
 279:Middlewares/ST/STM32_USB_Device_Library/Class/MSC/Src/usbd_msc_bot.c **** * @param  len: Data Length
 280:Middlewares/ST/STM32_USB_Device_Library/Class/MSC/Src/usbd_msc_bot.c **** * @retval None
 281:Middlewares/ST/STM32_USB_Device_Library/Class/MSC/Src/usbd_msc_bot.c **** */
 282:Middlewares/ST/STM32_USB_Device_Library/Class/MSC/Src/usbd_msc_bot.c **** static void  MSC_BOT_SendData(USBD_HandleTypeDef *pdev, uint8_t *pbuf,
 283:Middlewares/ST/STM32_USB_Device_Library/Class/MSC/Src/usbd_msc_bot.c ****                               uint16_t len)
 284:Middlewares/ST/STM32_USB_Device_Library/Class/MSC/Src/usbd_msc_bot.c **** {
  27              		.loc 1 284 1 view -0
  28              		.cfi_startproc
  29              		@ args = 0, pretend = 0, frame = 0
  30              		@ frame_needed = 0, uses_anonymous_args = 0
  31              		.loc 1 284 1 is_stmt 0 view .LVU1
  32 0000 10B5     		push	{r4, lr}
  33              	.LCFI0:
  34              		.cfi_def_cfa_offset 8
  35              		.cfi_offset 4, -8
  36              		.cfi_offset 14, -4
  37 0002 1346     		mov	r3, r2
 285:Middlewares/ST/STM32_USB_Device_Library/Class/MSC/Src/usbd_msc_bot.c ****   USBD_MSC_BOT_HandleTypeDef  *hmsc = (USBD_MSC_BOT_HandleTypeDef *)pdev->pClassData;
  38              		.loc 1 285 3 is_stmt 1 view .LVU2
  39              		.loc 1 285 32 is_stmt 0 view .LVU3
  40 0004 D0F8B842 		ldr	r4, [r0, #696]
  41              	.LVL1:
 286:Middlewares/ST/STM32_USB_Device_Library/Class/MSC/Src/usbd_msc_bot.c **** 
 287:Middlewares/ST/STM32_USB_Device_Library/Class/MSC/Src/usbd_msc_bot.c ****   uint16_t length = (uint16_t)MIN(hmsc->cbw.dDataLength, len);
  42              		.loc 1 287 3 is_stmt 1 view .LVU4
  43              		.loc 1 287 31 is_stmt 0 view .LVU5
  44 0008 D4F81428 		ldr	r2, [r4, #2068]
  45              	.LVL2:
  46              		.loc 1 287 31 view .LVU6
  47 000c 9C46     		mov	ip, r3
  48              		.loc 1 287 21 view .LVU7
  49 000e 9A42     		cmp	r2, r3
  50 0010 00D2     		bcs	.L2
  51              		.loc 1 287 21 discriminator 1 view .LVU8
  52 0012 93B2     		uxth	r3, r2
  53              	.L2:
  54              	.LVL3:
 288:Middlewares/ST/STM32_USB_Device_Library/Class/MSC/Src/usbd_msc_bot.c **** 
 289:Middlewares/ST/STM32_USB_Device_Library/Class/MSC/Src/usbd_msc_bot.c ****   hmsc->csw.dDataResidue -= len;
ARM GAS  /tmp/ccBNQ2No.s 			page 7


  55              		.loc 1 289 3 is_stmt 1 discriminator 4 view .LVU9
  56              		.loc 1 289 12 is_stmt 0 discriminator 4 view .LVU10
  57 0014 D4F83428 		ldr	r2, [r4, #2100]
  58              		.loc 1 289 26 discriminator 4 view .LVU11
  59 0018 A2EB0C02 		sub	r2, r2, ip
  60 001c C4F83428 		str	r2, [r4, #2100]
 290:Middlewares/ST/STM32_USB_Device_Library/Class/MSC/Src/usbd_msc_bot.c ****   hmsc->csw.bStatus = USBD_CSW_CMD_PASSED;
  61              		.loc 1 290 3 is_stmt 1 discriminator 4 view .LVU12
  62              		.loc 1 290 21 is_stmt 0 discriminator 4 view .LVU13
  63 0020 0022     		movs	r2, #0
  64 0022 84F83828 		strb	r2, [r4, #2104]
 291:Middlewares/ST/STM32_USB_Device_Library/Class/MSC/Src/usbd_msc_bot.c ****   hmsc->bot_state = USBD_BOT_SEND_DATA;
  65              		.loc 1 291 3 is_stmt 1 discriminator 4 view .LVU14
  66              		.loc 1 291 19 is_stmt 0 discriminator 4 view .LVU15
  67 0026 0422     		movs	r2, #4
  68 0028 2272     		strb	r2, [r4, #8]
 292:Middlewares/ST/STM32_USB_Device_Library/Class/MSC/Src/usbd_msc_bot.c **** 
 293:Middlewares/ST/STM32_USB_Device_Library/Class/MSC/Src/usbd_msc_bot.c ****   USBD_LL_Transmit(pdev, MSC_EPIN_ADDR, pbuf, length);
  69              		.loc 1 293 3 is_stmt 1 discriminator 4 view .LVU16
  70 002a 0A46     		mov	r2, r1
  71 002c 8121     		movs	r1, #129
  72              	.LVL4:
  73              		.loc 1 293 3 is_stmt 0 discriminator 4 view .LVU17
  74 002e FFF7FEFF 		bl	USBD_LL_Transmit
  75              	.LVL5:
 294:Middlewares/ST/STM32_USB_Device_Library/Class/MSC/Src/usbd_msc_bot.c **** }
  76              		.loc 1 294 1 discriminator 4 view .LVU18
  77 0032 10BD     		pop	{r4, pc}
  78              		.loc 1 294 1 discriminator 4 view .LVU19
  79              		.cfi_endproc
  80              	.LFE74:
  82              		.section	.text.MSC_BOT_Abort,"ax",%progbits
  83              		.align	1
  84              		.syntax unified
  85              		.thumb
  86              		.thumb_func
  88              	MSC_BOT_Abort:
  89              	.LVL6:
  90              	.LFB76:
 295:Middlewares/ST/STM32_USB_Device_Library/Class/MSC/Src/usbd_msc_bot.c **** 
 296:Middlewares/ST/STM32_USB_Device_Library/Class/MSC/Src/usbd_msc_bot.c **** /**
 297:Middlewares/ST/STM32_USB_Device_Library/Class/MSC/Src/usbd_msc_bot.c **** * @brief  MSC_BOT_SendCSW
 298:Middlewares/ST/STM32_USB_Device_Library/Class/MSC/Src/usbd_msc_bot.c **** *         Send the Command Status Wrapper
 299:Middlewares/ST/STM32_USB_Device_Library/Class/MSC/Src/usbd_msc_bot.c **** * @param  pdev: device instance
 300:Middlewares/ST/STM32_USB_Device_Library/Class/MSC/Src/usbd_msc_bot.c **** * @param  status : CSW status
 301:Middlewares/ST/STM32_USB_Device_Library/Class/MSC/Src/usbd_msc_bot.c **** * @retval None
 302:Middlewares/ST/STM32_USB_Device_Library/Class/MSC/Src/usbd_msc_bot.c **** */
 303:Middlewares/ST/STM32_USB_Device_Library/Class/MSC/Src/usbd_msc_bot.c **** void  MSC_BOT_SendCSW(USBD_HandleTypeDef  *pdev,
 304:Middlewares/ST/STM32_USB_Device_Library/Class/MSC/Src/usbd_msc_bot.c ****                       uint8_t CSW_Status)
 305:Middlewares/ST/STM32_USB_Device_Library/Class/MSC/Src/usbd_msc_bot.c **** {
 306:Middlewares/ST/STM32_USB_Device_Library/Class/MSC/Src/usbd_msc_bot.c ****   USBD_MSC_BOT_HandleTypeDef  *hmsc = (USBD_MSC_BOT_HandleTypeDef *)pdev->pClassData;
 307:Middlewares/ST/STM32_USB_Device_Library/Class/MSC/Src/usbd_msc_bot.c **** 
 308:Middlewares/ST/STM32_USB_Device_Library/Class/MSC/Src/usbd_msc_bot.c ****   hmsc->csw.dSignature = USBD_BOT_CSW_SIGNATURE;
 309:Middlewares/ST/STM32_USB_Device_Library/Class/MSC/Src/usbd_msc_bot.c ****   hmsc->csw.bStatus = CSW_Status;
 310:Middlewares/ST/STM32_USB_Device_Library/Class/MSC/Src/usbd_msc_bot.c ****   hmsc->bot_state = USBD_BOT_IDLE;
 311:Middlewares/ST/STM32_USB_Device_Library/Class/MSC/Src/usbd_msc_bot.c **** 
 312:Middlewares/ST/STM32_USB_Device_Library/Class/MSC/Src/usbd_msc_bot.c ****   USBD_LL_Transmit(pdev, MSC_EPIN_ADDR, (uint8_t *)(void *)&hmsc->csw,
ARM GAS  /tmp/ccBNQ2No.s 			page 8


 313:Middlewares/ST/STM32_USB_Device_Library/Class/MSC/Src/usbd_msc_bot.c ****                    USBD_BOT_CSW_LENGTH);
 314:Middlewares/ST/STM32_USB_Device_Library/Class/MSC/Src/usbd_msc_bot.c **** 
 315:Middlewares/ST/STM32_USB_Device_Library/Class/MSC/Src/usbd_msc_bot.c ****   /* Prepare EP to Receive next Cmd */
 316:Middlewares/ST/STM32_USB_Device_Library/Class/MSC/Src/usbd_msc_bot.c ****   USBD_LL_PrepareReceive(pdev, MSC_EPOUT_ADDR, (uint8_t *)(void *)&hmsc->cbw,
 317:Middlewares/ST/STM32_USB_Device_Library/Class/MSC/Src/usbd_msc_bot.c ****                          USBD_BOT_CBW_LENGTH);
 318:Middlewares/ST/STM32_USB_Device_Library/Class/MSC/Src/usbd_msc_bot.c **** }
 319:Middlewares/ST/STM32_USB_Device_Library/Class/MSC/Src/usbd_msc_bot.c **** 
 320:Middlewares/ST/STM32_USB_Device_Library/Class/MSC/Src/usbd_msc_bot.c **** /**
 321:Middlewares/ST/STM32_USB_Device_Library/Class/MSC/Src/usbd_msc_bot.c **** * @brief  MSC_BOT_Abort
 322:Middlewares/ST/STM32_USB_Device_Library/Class/MSC/Src/usbd_msc_bot.c **** *         Abort the current transfer
 323:Middlewares/ST/STM32_USB_Device_Library/Class/MSC/Src/usbd_msc_bot.c **** * @param  pdev: device instance
 324:Middlewares/ST/STM32_USB_Device_Library/Class/MSC/Src/usbd_msc_bot.c **** * @retval status
 325:Middlewares/ST/STM32_USB_Device_Library/Class/MSC/Src/usbd_msc_bot.c **** */
 326:Middlewares/ST/STM32_USB_Device_Library/Class/MSC/Src/usbd_msc_bot.c **** 
 327:Middlewares/ST/STM32_USB_Device_Library/Class/MSC/Src/usbd_msc_bot.c **** static void  MSC_BOT_Abort(USBD_HandleTypeDef  *pdev)
 328:Middlewares/ST/STM32_USB_Device_Library/Class/MSC/Src/usbd_msc_bot.c **** {
  91              		.loc 1 328 1 is_stmt 1 view -0
  92              		.cfi_startproc
  93              		@ args = 0, pretend = 0, frame = 0
  94              		@ frame_needed = 0, uses_anonymous_args = 0
  95              		.loc 1 328 1 is_stmt 0 view .LVU21
  96 0000 38B5     		push	{r3, r4, r5, lr}
  97              	.LCFI1:
  98              		.cfi_def_cfa_offset 16
  99              		.cfi_offset 3, -16
 100              		.cfi_offset 4, -12
 101              		.cfi_offset 5, -8
 102              		.cfi_offset 14, -4
 103 0002 0446     		mov	r4, r0
 329:Middlewares/ST/STM32_USB_Device_Library/Class/MSC/Src/usbd_msc_bot.c ****   USBD_MSC_BOT_HandleTypeDef  *hmsc = (USBD_MSC_BOT_HandleTypeDef *)pdev->pClassData;
 104              		.loc 1 329 3 is_stmt 1 view .LVU22
 105              		.loc 1 329 32 is_stmt 0 view .LVU23
 106 0004 D0F8B852 		ldr	r5, [r0, #696]
 107              	.LVL7:
 330:Middlewares/ST/STM32_USB_Device_Library/Class/MSC/Src/usbd_msc_bot.c **** 
 331:Middlewares/ST/STM32_USB_Device_Library/Class/MSC/Src/usbd_msc_bot.c ****   if ((hmsc->cbw.bmFlags == 0U) &&
 108              		.loc 1 331 3 is_stmt 1 view .LVU24
 109              		.loc 1 331 17 is_stmt 0 view .LVU25
 110 0008 95F81838 		ldrb	r3, [r5, #2072]	@ zero_extendqisi2
 111              		.loc 1 331 6 view .LVU26
 112 000c 23B9     		cbnz	r3, .L5
 332:Middlewares/ST/STM32_USB_Device_Library/Class/MSC/Src/usbd_msc_bot.c ****       (hmsc->cbw.dDataLength != 0U) &&
 113              		.loc 1 332 17 discriminator 1 view .LVU27
 114 000e D5F81438 		ldr	r3, [r5, #2068]
 331:Middlewares/ST/STM32_USB_Device_Library/Class/MSC/Src/usbd_msc_bot.c ****       (hmsc->cbw.dDataLength != 0U) &&
 115              		.loc 1 331 33 discriminator 1 view .LVU28
 116 0012 0BB1     		cbz	r3, .L5
 333:Middlewares/ST/STM32_USB_Device_Library/Class/MSC/Src/usbd_msc_bot.c ****       (hmsc->bot_status == USBD_BOT_STATUS_NORMAL))
 117              		.loc 1 333 12 view .LVU29
 118 0014 6B7A     		ldrb	r3, [r5, #9]	@ zero_extendqisi2
 332:Middlewares/ST/STM32_USB_Device_Library/Class/MSC/Src/usbd_msc_bot.c ****       (hmsc->cbw.dDataLength != 0U) &&
 119              		.loc 1 332 37 view .LVU30
 120 0016 3BB1     		cbz	r3, .L8
 121              	.LVL8:
 122              	.L5:
 334:Middlewares/ST/STM32_USB_Device_Library/Class/MSC/Src/usbd_msc_bot.c ****   {
 335:Middlewares/ST/STM32_USB_Device_Library/Class/MSC/Src/usbd_msc_bot.c ****     USBD_LL_StallEP(pdev, MSC_EPOUT_ADDR);
ARM GAS  /tmp/ccBNQ2No.s 			page 9


 336:Middlewares/ST/STM32_USB_Device_Library/Class/MSC/Src/usbd_msc_bot.c ****   }
 337:Middlewares/ST/STM32_USB_Device_Library/Class/MSC/Src/usbd_msc_bot.c **** 
 338:Middlewares/ST/STM32_USB_Device_Library/Class/MSC/Src/usbd_msc_bot.c ****   USBD_LL_StallEP(pdev, MSC_EPIN_ADDR);
 123              		.loc 1 338 3 is_stmt 1 view .LVU31
 124 0018 8121     		movs	r1, #129
 125 001a 2046     		mov	r0, r4
 126 001c FFF7FEFF 		bl	USBD_LL_StallEP
 127              	.LVL9:
 339:Middlewares/ST/STM32_USB_Device_Library/Class/MSC/Src/usbd_msc_bot.c **** 
 340:Middlewares/ST/STM32_USB_Device_Library/Class/MSC/Src/usbd_msc_bot.c ****   if (hmsc->bot_status == USBD_BOT_STATUS_ERROR)
 128              		.loc 1 340 3 view .LVU32
 129              		.loc 1 340 11 is_stmt 0 view .LVU33
 130 0020 6B7A     		ldrb	r3, [r5, #9]	@ zero_extendqisi2
 131              		.loc 1 340 6 view .LVU34
 132 0022 022B     		cmp	r3, #2
 133 0024 04D0     		beq	.L9
 134              	.L4:
 341:Middlewares/ST/STM32_USB_Device_Library/Class/MSC/Src/usbd_msc_bot.c ****   {
 342:Middlewares/ST/STM32_USB_Device_Library/Class/MSC/Src/usbd_msc_bot.c ****     USBD_LL_PrepareReceive(pdev, MSC_EPOUT_ADDR, (uint8_t *)(void *)&hmsc->cbw,
 343:Middlewares/ST/STM32_USB_Device_Library/Class/MSC/Src/usbd_msc_bot.c ****                            USBD_BOT_CBW_LENGTH);
 344:Middlewares/ST/STM32_USB_Device_Library/Class/MSC/Src/usbd_msc_bot.c ****   }
 345:Middlewares/ST/STM32_USB_Device_Library/Class/MSC/Src/usbd_msc_bot.c **** }
 135              		.loc 1 345 1 view .LVU35
 136 0026 38BD     		pop	{r3, r4, r5, pc}
 137              	.LVL10:
 138              	.L8:
 335:Middlewares/ST/STM32_USB_Device_Library/Class/MSC/Src/usbd_msc_bot.c ****   }
 139              		.loc 1 335 5 is_stmt 1 view .LVU36
 140 0028 0121     		movs	r1, #1
 141 002a FFF7FEFF 		bl	USBD_LL_StallEP
 142              	.LVL11:
 335:Middlewares/ST/STM32_USB_Device_Library/Class/MSC/Src/usbd_msc_bot.c ****   }
 143              		.loc 1 335 5 is_stmt 0 view .LVU37
 144 002e F3E7     		b	.L5
 145              	.L9:
 342:Middlewares/ST/STM32_USB_Device_Library/Class/MSC/Src/usbd_msc_bot.c ****                            USBD_BOT_CBW_LENGTH);
 146              		.loc 1 342 5 is_stmt 1 view .LVU38
 147 0030 1F23     		movs	r3, #31
 148 0032 05F60C02 		addw	r2, r5, #2060
 149 0036 0121     		movs	r1, #1
 150 0038 2046     		mov	r0, r4
 151 003a FFF7FEFF 		bl	USBD_LL_PrepareReceive
 152              	.LVL12:
 153              		.loc 1 345 1 is_stmt 0 view .LVU39
 154 003e F2E7     		b	.L4
 155              		.cfi_endproc
 156              	.LFE76:
 158              		.section	.text.MSC_BOT_Init,"ax",%progbits
 159              		.align	1
 160              		.global	MSC_BOT_Init
 161              		.syntax unified
 162              		.thumb
 163              		.thumb_func
 165              	MSC_BOT_Init:
 166              	.LVL13:
 167              	.LFB68:
 102:Middlewares/ST/STM32_USB_Device_Library/Class/MSC/Src/usbd_msc_bot.c ****   USBD_MSC_BOT_HandleTypeDef  *hmsc = (USBD_MSC_BOT_HandleTypeDef *)pdev->pClassData;
ARM GAS  /tmp/ccBNQ2No.s 			page 10


 168              		.loc 1 102 1 is_stmt 1 view -0
 169              		.cfi_startproc
 170              		@ args = 0, pretend = 0, frame = 0
 171              		@ frame_needed = 0, uses_anonymous_args = 0
 102:Middlewares/ST/STM32_USB_Device_Library/Class/MSC/Src/usbd_msc_bot.c ****   USBD_MSC_BOT_HandleTypeDef  *hmsc = (USBD_MSC_BOT_HandleTypeDef *)pdev->pClassData;
 172              		.loc 1 102 1 is_stmt 0 view .LVU41
 173 0000 38B5     		push	{r3, r4, r5, lr}
 174              	.LCFI2:
 175              		.cfi_def_cfa_offset 16
 176              		.cfi_offset 3, -16
 177              		.cfi_offset 4, -12
 178              		.cfi_offset 5, -8
 179              		.cfi_offset 14, -4
 180 0002 0446     		mov	r4, r0
 103:Middlewares/ST/STM32_USB_Device_Library/Class/MSC/Src/usbd_msc_bot.c **** 
 181              		.loc 1 103 3 is_stmt 1 view .LVU42
 103:Middlewares/ST/STM32_USB_Device_Library/Class/MSC/Src/usbd_msc_bot.c **** 
 182              		.loc 1 103 32 is_stmt 0 view .LVU43
 183 0004 D0F8B852 		ldr	r5, [r0, #696]
 184              	.LVL14:
 105:Middlewares/ST/STM32_USB_Device_Library/Class/MSC/Src/usbd_msc_bot.c ****   hmsc->bot_status = USBD_BOT_STATUS_NORMAL;
 185              		.loc 1 105 3 is_stmt 1 view .LVU44
 105:Middlewares/ST/STM32_USB_Device_Library/Class/MSC/Src/usbd_msc_bot.c ****   hmsc->bot_status = USBD_BOT_STATUS_NORMAL;
 186              		.loc 1 105 19 is_stmt 0 view .LVU45
 187 0008 0020     		movs	r0, #0
 188              	.LVL15:
 105:Middlewares/ST/STM32_USB_Device_Library/Class/MSC/Src/usbd_msc_bot.c ****   hmsc->bot_status = USBD_BOT_STATUS_NORMAL;
 189              		.loc 1 105 19 view .LVU46
 190 000a 2872     		strb	r0, [r5, #8]
 106:Middlewares/ST/STM32_USB_Device_Library/Class/MSC/Src/usbd_msc_bot.c **** 
 191              		.loc 1 106 3 is_stmt 1 view .LVU47
 106:Middlewares/ST/STM32_USB_Device_Library/Class/MSC/Src/usbd_msc_bot.c **** 
 192              		.loc 1 106 20 is_stmt 0 view .LVU48
 193 000c 6872     		strb	r0, [r5, #9]
 108:Middlewares/ST/STM32_USB_Device_Library/Class/MSC/Src/usbd_msc_bot.c ****   hmsc->scsi_sense_head = 0U;
 194              		.loc 1 108 3 is_stmt 1 view .LVU49
 108:Middlewares/ST/STM32_USB_Device_Library/Class/MSC/Src/usbd_msc_bot.c ****   hmsc->scsi_sense_head = 0U;
 195              		.loc 1 108 25 is_stmt 0 view .LVU50
 196 000e 85F85D08 		strb	r0, [r5, #2141]
 109:Middlewares/ST/STM32_USB_Device_Library/Class/MSC/Src/usbd_msc_bot.c **** 
 197              		.loc 1 109 3 is_stmt 1 view .LVU51
 109:Middlewares/ST/STM32_USB_Device_Library/Class/MSC/Src/usbd_msc_bot.c **** 
 198              		.loc 1 109 25 is_stmt 0 view .LVU52
 199 0012 85F85C08 		strb	r0, [r5, #2140]
 111:Middlewares/ST/STM32_USB_Device_Library/Class/MSC/Src/usbd_msc_bot.c **** 
 200              		.loc 1 111 3 is_stmt 1 view .LVU53
 111:Middlewares/ST/STM32_USB_Device_Library/Class/MSC/Src/usbd_msc_bot.c **** 
 201              		.loc 1 111 31 is_stmt 0 view .LVU54
 202 0016 D4F8BC32 		ldr	r3, [r4, #700]
 111:Middlewares/ST/STM32_USB_Device_Library/Class/MSC/Src/usbd_msc_bot.c **** 
 203              		.loc 1 111 43 view .LVU55
 204 001a 1B68     		ldr	r3, [r3]
 111:Middlewares/ST/STM32_USB_Device_Library/Class/MSC/Src/usbd_msc_bot.c **** 
 205              		.loc 1 111 4 view .LVU56
 206 001c 9847     		blx	r3
 207              	.LVL16:
 113:Middlewares/ST/STM32_USB_Device_Library/Class/MSC/Src/usbd_msc_bot.c ****   USBD_LL_FlushEP(pdev, MSC_EPIN_ADDR);
ARM GAS  /tmp/ccBNQ2No.s 			page 11


 208              		.loc 1 113 3 is_stmt 1 view .LVU57
 209 001e 0121     		movs	r1, #1
 210 0020 2046     		mov	r0, r4
 211 0022 FFF7FEFF 		bl	USBD_LL_FlushEP
 212              	.LVL17:
 114:Middlewares/ST/STM32_USB_Device_Library/Class/MSC/Src/usbd_msc_bot.c **** 
 213              		.loc 1 114 3 view .LVU58
 214 0026 8121     		movs	r1, #129
 215 0028 2046     		mov	r0, r4
 216 002a FFF7FEFF 		bl	USBD_LL_FlushEP
 217              	.LVL18:
 117:Middlewares/ST/STM32_USB_Device_Library/Class/MSC/Src/usbd_msc_bot.c ****                          USBD_BOT_CBW_LENGTH);
 218              		.loc 1 117 3 view .LVU59
 219 002e 1F23     		movs	r3, #31
 220 0030 05F60C02 		addw	r2, r5, #2060
 221 0034 0121     		movs	r1, #1
 222 0036 2046     		mov	r0, r4
 223 0038 FFF7FEFF 		bl	USBD_LL_PrepareReceive
 224              	.LVL19:
 119:Middlewares/ST/STM32_USB_Device_Library/Class/MSC/Src/usbd_msc_bot.c **** 
 225              		.loc 1 119 1 is_stmt 0 view .LVU60
 226 003c 38BD     		pop	{r3, r4, r5, pc}
 119:Middlewares/ST/STM32_USB_Device_Library/Class/MSC/Src/usbd_msc_bot.c **** 
 227              		.loc 1 119 1 view .LVU61
 228              		.cfi_endproc
 229              	.LFE68:
 231              		.section	.text.MSC_BOT_Reset,"ax",%progbits
 232              		.align	1
 233              		.global	MSC_BOT_Reset
 234              		.syntax unified
 235              		.thumb
 236              		.thumb_func
 238              	MSC_BOT_Reset:
 239              	.LVL20:
 240              	.LFB69:
 128:Middlewares/ST/STM32_USB_Device_Library/Class/MSC/Src/usbd_msc_bot.c ****   USBD_MSC_BOT_HandleTypeDef  *hmsc = (USBD_MSC_BOT_HandleTypeDef *)pdev->pClassData;
 241              		.loc 1 128 1 is_stmt 1 view -0
 242              		.cfi_startproc
 243              		@ args = 0, pretend = 0, frame = 0
 244              		@ frame_needed = 0, uses_anonymous_args = 0
 128:Middlewares/ST/STM32_USB_Device_Library/Class/MSC/Src/usbd_msc_bot.c ****   USBD_MSC_BOT_HandleTypeDef  *hmsc = (USBD_MSC_BOT_HandleTypeDef *)pdev->pClassData;
 245              		.loc 1 128 1 is_stmt 0 view .LVU63
 246 0000 08B5     		push	{r3, lr}
 247              	.LCFI3:
 248              		.cfi_def_cfa_offset 8
 249              		.cfi_offset 3, -8
 250              		.cfi_offset 14, -4
 129:Middlewares/ST/STM32_USB_Device_Library/Class/MSC/Src/usbd_msc_bot.c **** 
 251              		.loc 1 129 3 is_stmt 1 view .LVU64
 129:Middlewares/ST/STM32_USB_Device_Library/Class/MSC/Src/usbd_msc_bot.c **** 
 252              		.loc 1 129 32 is_stmt 0 view .LVU65
 253 0002 D0F8B822 		ldr	r2, [r0, #696]
 254              	.LVL21:
 131:Middlewares/ST/STM32_USB_Device_Library/Class/MSC/Src/usbd_msc_bot.c ****   hmsc->bot_status = USBD_BOT_STATUS_RECOVERY;
 255              		.loc 1 131 3 is_stmt 1 view .LVU66
 131:Middlewares/ST/STM32_USB_Device_Library/Class/MSC/Src/usbd_msc_bot.c ****   hmsc->bot_status = USBD_BOT_STATUS_RECOVERY;
 256              		.loc 1 131 20 is_stmt 0 view .LVU67
ARM GAS  /tmp/ccBNQ2No.s 			page 12


 257 0006 0023     		movs	r3, #0
 258 0008 1372     		strb	r3, [r2, #8]
 132:Middlewares/ST/STM32_USB_Device_Library/Class/MSC/Src/usbd_msc_bot.c **** 
 259              		.loc 1 132 3 is_stmt 1 view .LVU68
 132:Middlewares/ST/STM32_USB_Device_Library/Class/MSC/Src/usbd_msc_bot.c **** 
 260              		.loc 1 132 20 is_stmt 0 view .LVU69
 261 000a 0121     		movs	r1, #1
 262 000c 5172     		strb	r1, [r2, #9]
 135:Middlewares/ST/STM32_USB_Device_Library/Class/MSC/Src/usbd_msc_bot.c ****                          USBD_BOT_CBW_LENGTH);
 263              		.loc 1 135 3 is_stmt 1 view .LVU70
 264 000e 1F23     		movs	r3, #31
 265 0010 02F60C02 		addw	r2, r2, #2060
 266              	.LVL22:
 135:Middlewares/ST/STM32_USB_Device_Library/Class/MSC/Src/usbd_msc_bot.c ****                          USBD_BOT_CBW_LENGTH);
 267              		.loc 1 135 3 is_stmt 0 view .LVU71
 268 0014 FFF7FEFF 		bl	USBD_LL_PrepareReceive
 269              	.LVL23:
 137:Middlewares/ST/STM32_USB_Device_Library/Class/MSC/Src/usbd_msc_bot.c **** 
 270              		.loc 1 137 1 view .LVU72
 271 0018 08BD     		pop	{r3, pc}
 272              		.cfi_endproc
 273              	.LFE69:
 275              		.section	.text.MSC_BOT_DeInit,"ax",%progbits
 276              		.align	1
 277              		.global	MSC_BOT_DeInit
 278              		.syntax unified
 279              		.thumb
 280              		.thumb_func
 282              	MSC_BOT_DeInit:
 283              	.LVL24:
 284              	.LFB70:
 146:Middlewares/ST/STM32_USB_Device_Library/Class/MSC/Src/usbd_msc_bot.c ****   USBD_MSC_BOT_HandleTypeDef  *hmsc = (USBD_MSC_BOT_HandleTypeDef *)pdev->pClassData;
 285              		.loc 1 146 1 is_stmt 1 view -0
 286              		.cfi_startproc
 287              		@ args = 0, pretend = 0, frame = 0
 288              		@ frame_needed = 0, uses_anonymous_args = 0
 289              		@ link register save eliminated.
 147:Middlewares/ST/STM32_USB_Device_Library/Class/MSC/Src/usbd_msc_bot.c ****   hmsc->bot_state = USBD_BOT_IDLE;
 290              		.loc 1 147 3 view .LVU74
 147:Middlewares/ST/STM32_USB_Device_Library/Class/MSC/Src/usbd_msc_bot.c ****   hmsc->bot_state = USBD_BOT_IDLE;
 291              		.loc 1 147 32 is_stmt 0 view .LVU75
 292 0000 D0F8B832 		ldr	r3, [r0, #696]
 293              	.LVL25:
 148:Middlewares/ST/STM32_USB_Device_Library/Class/MSC/Src/usbd_msc_bot.c **** }
 294              		.loc 1 148 3 is_stmt 1 view .LVU76
 148:Middlewares/ST/STM32_USB_Device_Library/Class/MSC/Src/usbd_msc_bot.c **** }
 295              		.loc 1 148 19 is_stmt 0 view .LVU77
 296 0004 0022     		movs	r2, #0
 297 0006 1A72     		strb	r2, [r3, #8]
 149:Middlewares/ST/STM32_USB_Device_Library/Class/MSC/Src/usbd_msc_bot.c **** 
 298              		.loc 1 149 1 view .LVU78
 299 0008 7047     		bx	lr
 300              		.cfi_endproc
 301              	.LFE70:
 303              		.section	.text.MSC_BOT_SendCSW,"ax",%progbits
 304              		.align	1
 305              		.global	MSC_BOT_SendCSW
ARM GAS  /tmp/ccBNQ2No.s 			page 13


 306              		.syntax unified
 307              		.thumb
 308              		.thumb_func
 310              	MSC_BOT_SendCSW:
 311              	.LVL26:
 312              	.LFB75:
 305:Middlewares/ST/STM32_USB_Device_Library/Class/MSC/Src/usbd_msc_bot.c ****   USBD_MSC_BOT_HandleTypeDef  *hmsc = (USBD_MSC_BOT_HandleTypeDef *)pdev->pClassData;
 313              		.loc 1 305 1 is_stmt 1 view -0
 314              		.cfi_startproc
 315              		@ args = 0, pretend = 0, frame = 0
 316              		@ frame_needed = 0, uses_anonymous_args = 0
 305:Middlewares/ST/STM32_USB_Device_Library/Class/MSC/Src/usbd_msc_bot.c ****   USBD_MSC_BOT_HandleTypeDef  *hmsc = (USBD_MSC_BOT_HandleTypeDef *)pdev->pClassData;
 317              		.loc 1 305 1 is_stmt 0 view .LVU80
 318 0000 38B5     		push	{r3, r4, r5, lr}
 319              	.LCFI4:
 320              		.cfi_def_cfa_offset 16
 321              		.cfi_offset 3, -16
 322              		.cfi_offset 4, -12
 323              		.cfi_offset 5, -8
 324              		.cfi_offset 14, -4
 325 0002 0546     		mov	r5, r0
 306:Middlewares/ST/STM32_USB_Device_Library/Class/MSC/Src/usbd_msc_bot.c **** 
 326              		.loc 1 306 3 is_stmt 1 view .LVU81
 306:Middlewares/ST/STM32_USB_Device_Library/Class/MSC/Src/usbd_msc_bot.c **** 
 327              		.loc 1 306 32 is_stmt 0 view .LVU82
 328 0004 D0F8B842 		ldr	r4, [r0, #696]
 329              	.LVL27:
 308:Middlewares/ST/STM32_USB_Device_Library/Class/MSC/Src/usbd_msc_bot.c ****   hmsc->csw.bStatus = CSW_Status;
 330              		.loc 1 308 3 is_stmt 1 view .LVU83
 308:Middlewares/ST/STM32_USB_Device_Library/Class/MSC/Src/usbd_msc_bot.c ****   hmsc->csw.bStatus = CSW_Status;
 331              		.loc 1 308 24 is_stmt 0 view .LVU84
 332 0008 0A4B     		ldr	r3, .L17
 333 000a C4F82C38 		str	r3, [r4, #2092]
 309:Middlewares/ST/STM32_USB_Device_Library/Class/MSC/Src/usbd_msc_bot.c ****   hmsc->bot_state = USBD_BOT_IDLE;
 334              		.loc 1 309 3 is_stmt 1 view .LVU85
 309:Middlewares/ST/STM32_USB_Device_Library/Class/MSC/Src/usbd_msc_bot.c ****   hmsc->bot_state = USBD_BOT_IDLE;
 335              		.loc 1 309 21 is_stmt 0 view .LVU86
 336 000e 84F83818 		strb	r1, [r4, #2104]
 310:Middlewares/ST/STM32_USB_Device_Library/Class/MSC/Src/usbd_msc_bot.c **** 
 337              		.loc 1 310 3 is_stmt 1 view .LVU87
 310:Middlewares/ST/STM32_USB_Device_Library/Class/MSC/Src/usbd_msc_bot.c **** 
 338              		.loc 1 310 19 is_stmt 0 view .LVU88
 339 0012 0023     		movs	r3, #0
 340 0014 2372     		strb	r3, [r4, #8]
 312:Middlewares/ST/STM32_USB_Device_Library/Class/MSC/Src/usbd_msc_bot.c ****                    USBD_BOT_CSW_LENGTH);
 341              		.loc 1 312 3 is_stmt 1 view .LVU89
 342 0016 0D23     		movs	r3, #13
 343 0018 04F62C02 		addw	r2, r4, #2092
 344 001c 8121     		movs	r1, #129
 345              	.LVL28:
 312:Middlewares/ST/STM32_USB_Device_Library/Class/MSC/Src/usbd_msc_bot.c ****                    USBD_BOT_CSW_LENGTH);
 346              		.loc 1 312 3 is_stmt 0 view .LVU90
 347 001e FFF7FEFF 		bl	USBD_LL_Transmit
 348              	.LVL29:
 316:Middlewares/ST/STM32_USB_Device_Library/Class/MSC/Src/usbd_msc_bot.c ****                          USBD_BOT_CBW_LENGTH);
 349              		.loc 1 316 3 is_stmt 1 view .LVU91
 350 0022 1F23     		movs	r3, #31
ARM GAS  /tmp/ccBNQ2No.s 			page 14


 351 0024 04F60C02 		addw	r2, r4, #2060
 352 0028 0121     		movs	r1, #1
 353 002a 2846     		mov	r0, r5
 354 002c FFF7FEFF 		bl	USBD_LL_PrepareReceive
 355              	.LVL30:
 318:Middlewares/ST/STM32_USB_Device_Library/Class/MSC/Src/usbd_msc_bot.c **** 
 356              		.loc 1 318 1 is_stmt 0 view .LVU92
 357 0030 38BD     		pop	{r3, r4, r5, pc}
 358              	.LVL31:
 359              	.L18:
 318:Middlewares/ST/STM32_USB_Device_Library/Class/MSC/Src/usbd_msc_bot.c **** 
 360              		.loc 1 318 1 view .LVU93
 361 0032 00BF     		.align	2
 362              	.L17:
 363 0034 55534253 		.word	1396855637
 364              		.cfi_endproc
 365              	.LFE75:
 367              		.section	.text.MSC_BOT_DataIn,"ax",%progbits
 368              		.align	1
 369              		.global	MSC_BOT_DataIn
 370              		.syntax unified
 371              		.thumb
 372              		.thumb_func
 374              	MSC_BOT_DataIn:
 375              	.LVL32:
 376              	.LFB71:
 160:Middlewares/ST/STM32_USB_Device_Library/Class/MSC/Src/usbd_msc_bot.c ****   USBD_MSC_BOT_HandleTypeDef  *hmsc = (USBD_MSC_BOT_HandleTypeDef *)pdev->pClassData;
 377              		.loc 1 160 1 is_stmt 1 view -0
 378              		.cfi_startproc
 379              		@ args = 0, pretend = 0, frame = 0
 380              		@ frame_needed = 0, uses_anonymous_args = 0
 160:Middlewares/ST/STM32_USB_Device_Library/Class/MSC/Src/usbd_msc_bot.c ****   USBD_MSC_BOT_HandleTypeDef  *hmsc = (USBD_MSC_BOT_HandleTypeDef *)pdev->pClassData;
 381              		.loc 1 160 1 is_stmt 0 view .LVU95
 382 0000 10B5     		push	{r4, lr}
 383              	.LCFI5:
 384              		.cfi_def_cfa_offset 8
 385              		.cfi_offset 4, -8
 386              		.cfi_offset 14, -4
 387 0002 0446     		mov	r4, r0
 161:Middlewares/ST/STM32_USB_Device_Library/Class/MSC/Src/usbd_msc_bot.c **** 
 388              		.loc 1 161 3 is_stmt 1 view .LVU96
 161:Middlewares/ST/STM32_USB_Device_Library/Class/MSC/Src/usbd_msc_bot.c **** 
 389              		.loc 1 161 32 is_stmt 0 view .LVU97
 390 0004 D0F8B812 		ldr	r1, [r0, #696]
 391              	.LVL33:
 163:Middlewares/ST/STM32_USB_Device_Library/Class/MSC/Src/usbd_msc_bot.c ****   {
 392              		.loc 1 163 3 is_stmt 1 view .LVU98
 163:Middlewares/ST/STM32_USB_Device_Library/Class/MSC/Src/usbd_msc_bot.c ****   {
 393              		.loc 1 163 15 is_stmt 0 view .LVU99
 394 0008 0B7A     		ldrb	r3, [r1, #8]	@ zero_extendqisi2
 163:Middlewares/ST/STM32_USB_Device_Library/Class/MSC/Src/usbd_msc_bot.c ****   {
 395              		.loc 1 163 3 view .LVU100
 396 000a 022B     		cmp	r3, #2
 397 000c 08D0     		beq	.L20
 398 000e 06D3     		bcc	.L19
 399 0010 033B     		subs	r3, r3, #3
 400 0012 DBB2     		uxtb	r3, r3
ARM GAS  /tmp/ccBNQ2No.s 			page 15


 401 0014 012B     		cmp	r3, #1
 402 0016 02D8     		bhi	.L19
 174:Middlewares/ST/STM32_USB_Device_Library/Class/MSC/Src/usbd_msc_bot.c ****       break;
 403              		.loc 1 174 7 is_stmt 1 view .LVU101
 404 0018 0021     		movs	r1, #0
 405              	.LVL34:
 174:Middlewares/ST/STM32_USB_Device_Library/Class/MSC/Src/usbd_msc_bot.c ****       break;
 406              		.loc 1 174 7 is_stmt 0 view .LVU102
 407 001a FFF7FEFF 		bl	MSC_BOT_SendCSW
 408              	.LVL35:
 175:Middlewares/ST/STM32_USB_Device_Library/Class/MSC/Src/usbd_msc_bot.c **** 
 409              		.loc 1 175 7 is_stmt 1 view .LVU103
 410              	.L19:
 180:Middlewares/ST/STM32_USB_Device_Library/Class/MSC/Src/usbd_msc_bot.c **** /**
 411              		.loc 1 180 1 is_stmt 0 view .LVU104
 412 001e 10BD     		pop	{r4, pc}
 413              	.LVL36:
 414              	.L20:
 166:Middlewares/ST/STM32_USB_Device_Library/Class/MSC/Src/usbd_msc_bot.c ****       {
 415              		.loc 1 166 7 is_stmt 1 view .LVU105
 166:Middlewares/ST/STM32_USB_Device_Library/Class/MSC/Src/usbd_msc_bot.c ****       {
 416              		.loc 1 166 11 is_stmt 0 view .LVU106
 417 0020 01F61B02 		addw	r2, r1, #2075
 418 0024 91F81918 		ldrb	r1, [r1, #2073]	@ zero_extendqisi2
 419              	.LVL37:
 166:Middlewares/ST/STM32_USB_Device_Library/Class/MSC/Src/usbd_msc_bot.c ****       {
 420              		.loc 1 166 11 view .LVU107
 421 0028 FFF7FEFF 		bl	SCSI_ProcessCmd
 422              	.LVL38:
 166:Middlewares/ST/STM32_USB_Device_Library/Class/MSC/Src/usbd_msc_bot.c ****       {
 423              		.loc 1 166 10 view .LVU108
 424 002c 0028     		cmp	r0, #0
 425 002e F6DA     		bge	.L19
 168:Middlewares/ST/STM32_USB_Device_Library/Class/MSC/Src/usbd_msc_bot.c ****       }
 426              		.loc 1 168 9 is_stmt 1 view .LVU109
 427 0030 0121     		movs	r1, #1
 428 0032 2046     		mov	r0, r4
 429 0034 FFF7FEFF 		bl	MSC_BOT_SendCSW
 430              	.LVL39:
 431 0038 F1E7     		b	.L19
 432              		.cfi_endproc
 433              	.LFE71:
 435              		.section	.text.MSC_BOT_CBW_Decode,"ax",%progbits
 436              		.align	1
 437              		.syntax unified
 438              		.thumb
 439              		.thumb_func
 441              	MSC_BOT_CBW_Decode:
 442              	.LVL40:
 443              	.LFB73:
 219:Middlewares/ST/STM32_USB_Device_Library/Class/MSC/Src/usbd_msc_bot.c ****   USBD_MSC_BOT_HandleTypeDef  *hmsc = (USBD_MSC_BOT_HandleTypeDef *)pdev->pClassData;
 444              		.loc 1 219 1 view -0
 445              		.cfi_startproc
 446              		@ args = 0, pretend = 0, frame = 0
 447              		@ frame_needed = 0, uses_anonymous_args = 0
 219:Middlewares/ST/STM32_USB_Device_Library/Class/MSC/Src/usbd_msc_bot.c ****   USBD_MSC_BOT_HandleTypeDef  *hmsc = (USBD_MSC_BOT_HandleTypeDef *)pdev->pClassData;
 448              		.loc 1 219 1 is_stmt 0 view .LVU111
ARM GAS  /tmp/ccBNQ2No.s 			page 16


 449 0000 38B5     		push	{r3, r4, r5, lr}
 450              	.LCFI6:
 451              		.cfi_def_cfa_offset 16
 452              		.cfi_offset 3, -16
 453              		.cfi_offset 4, -12
 454              		.cfi_offset 5, -8
 455              		.cfi_offset 14, -4
 456 0002 0546     		mov	r5, r0
 220:Middlewares/ST/STM32_USB_Device_Library/Class/MSC/Src/usbd_msc_bot.c **** 
 457              		.loc 1 220 3 is_stmt 1 view .LVU112
 220:Middlewares/ST/STM32_USB_Device_Library/Class/MSC/Src/usbd_msc_bot.c **** 
 458              		.loc 1 220 32 is_stmt 0 view .LVU113
 459 0004 D0F8B842 		ldr	r4, [r0, #696]
 460              	.LVL41:
 222:Middlewares/ST/STM32_USB_Device_Library/Class/MSC/Src/usbd_msc_bot.c ****   hmsc->csw.dDataResidue = hmsc->cbw.dDataLength;
 461              		.loc 1 222 3 is_stmt 1 view .LVU114
 222:Middlewares/ST/STM32_USB_Device_Library/Class/MSC/Src/usbd_msc_bot.c ****   hmsc->csw.dDataResidue = hmsc->cbw.dDataLength;
 462              		.loc 1 222 29 is_stmt 0 view .LVU115
 463 0008 D4F81038 		ldr	r3, [r4, #2064]
 222:Middlewares/ST/STM32_USB_Device_Library/Class/MSC/Src/usbd_msc_bot.c ****   hmsc->csw.dDataResidue = hmsc->cbw.dDataLength;
 464              		.loc 1 222 18 view .LVU116
 465 000c C4F83038 		str	r3, [r4, #2096]
 223:Middlewares/ST/STM32_USB_Device_Library/Class/MSC/Src/usbd_msc_bot.c **** 
 466              		.loc 1 223 3 is_stmt 1 view .LVU117
 223:Middlewares/ST/STM32_USB_Device_Library/Class/MSC/Src/usbd_msc_bot.c **** 
 467              		.loc 1 223 37 is_stmt 0 view .LVU118
 468 0010 D4F81438 		ldr	r3, [r4, #2068]
 223:Middlewares/ST/STM32_USB_Device_Library/Class/MSC/Src/usbd_msc_bot.c **** 
 469              		.loc 1 223 26 view .LVU119
 470 0014 C4F83438 		str	r3, [r4, #2100]
 225:Middlewares/ST/STM32_USB_Device_Library/Class/MSC/Src/usbd_msc_bot.c ****       (hmsc->cbw.dSignature != USBD_BOT_CBW_SIGNATURE) ||
 471              		.loc 1 225 3 is_stmt 1 view .LVU120
 225:Middlewares/ST/STM32_USB_Device_Library/Class/MSC/Src/usbd_msc_bot.c ****       (hmsc->cbw.dSignature != USBD_BOT_CBW_SIGNATURE) ||
 472              		.loc 1 225 8 is_stmt 0 view .LVU121
 473 0018 0121     		movs	r1, #1
 474 001a FFF7FEFF 		bl	USBD_LL_GetRxDataSize
 475              	.LVL42:
 225:Middlewares/ST/STM32_USB_Device_Library/Class/MSC/Src/usbd_msc_bot.c ****       (hmsc->cbw.dSignature != USBD_BOT_CBW_SIGNATURE) ||
 476              		.loc 1 225 6 view .LVU122
 477 001e 1F28     		cmp	r0, #31
 478 0020 04D1     		bne	.L26
 226:Middlewares/ST/STM32_USB_Device_Library/Class/MSC/Src/usbd_msc_bot.c ****       (hmsc->cbw.bLUN > 1U) ||
 479              		.loc 1 226 17 discriminator 1 view .LVU123
 480 0022 D4F80C28 		ldr	r2, [r4, #2060]
 225:Middlewares/ST/STM32_USB_Device_Library/Class/MSC/Src/usbd_msc_bot.c ****       (hmsc->cbw.dSignature != USBD_BOT_CBW_SIGNATURE) ||
 481              		.loc 1 225 76 discriminator 1 view .LVU124
 482 0026 1F4B     		ldr	r3, .L36
 483 0028 9A42     		cmp	r2, r3
 484 002a 0CD0     		beq	.L33
 485              	.L26:
 231:Middlewares/ST/STM32_USB_Device_Library/Class/MSC/Src/usbd_msc_bot.c **** 
 486              		.loc 1 231 5 is_stmt 1 view .LVU125
 487 002c 2023     		movs	r3, #32
 488 002e 0522     		movs	r2, #5
 489 0030 94F81918 		ldrb	r1, [r4, #2073]	@ zero_extendqisi2
 490 0034 2846     		mov	r0, r5
 491 0036 FFF7FEFF 		bl	SCSI_SenseCode
ARM GAS  /tmp/ccBNQ2No.s 			page 17


 492              	.LVL43:
 233:Middlewares/ST/STM32_USB_Device_Library/Class/MSC/Src/usbd_msc_bot.c ****     MSC_BOT_Abort(pdev);
 493              		.loc 1 233 5 view .LVU126
 233:Middlewares/ST/STM32_USB_Device_Library/Class/MSC/Src/usbd_msc_bot.c ****     MSC_BOT_Abort(pdev);
 494              		.loc 1 233 22 is_stmt 0 view .LVU127
 495 003a 0223     		movs	r3, #2
 496 003c 6372     		strb	r3, [r4, #9]
 234:Middlewares/ST/STM32_USB_Device_Library/Class/MSC/Src/usbd_msc_bot.c ****   }
 497              		.loc 1 234 5 is_stmt 1 view .LVU128
 498 003e 2846     		mov	r0, r5
 499 0040 FFF7FEFF 		bl	MSC_BOT_Abort
 500              	.LVL44:
 501              	.L25:
 272:Middlewares/ST/STM32_USB_Device_Library/Class/MSC/Src/usbd_msc_bot.c **** 
 502              		.loc 1 272 1 is_stmt 0 view .LVU129
 503 0044 38BD     		pop	{r3, r4, r5, pc}
 504              	.LVL45:
 505              	.L33:
 227:Middlewares/ST/STM32_USB_Device_Library/Class/MSC/Src/usbd_msc_bot.c ****       (hmsc->cbw.bCBLength < 1U) || (hmsc->cbw.bCBLength > 16U))
 506              		.loc 1 227 17 view .LVU130
 507 0046 94F81918 		ldrb	r1, [r4, #2073]	@ zero_extendqisi2
 226:Middlewares/ST/STM32_USB_Device_Library/Class/MSC/Src/usbd_msc_bot.c ****       (hmsc->cbw.bLUN > 1U) ||
 508              		.loc 1 226 56 view .LVU131
 509 004a 0129     		cmp	r1, #1
 510 004c EED8     		bhi	.L26
 228:Middlewares/ST/STM32_USB_Device_Library/Class/MSC/Src/usbd_msc_bot.c ****   {
 511              		.loc 1 228 17 view .LVU132
 512 004e 94F81A38 		ldrb	r3, [r4, #2074]	@ zero_extendqisi2
 227:Middlewares/ST/STM32_USB_Device_Library/Class/MSC/Src/usbd_msc_bot.c ****       (hmsc->cbw.bCBLength < 1U) || (hmsc->cbw.bCBLength > 16U))
 513              		.loc 1 227 29 view .LVU133
 514 0052 002B     		cmp	r3, #0
 515 0054 EAD0     		beq	.L26
 228:Middlewares/ST/STM32_USB_Device_Library/Class/MSC/Src/usbd_msc_bot.c ****   {
 516              		.loc 1 228 34 view .LVU134
 517 0056 102B     		cmp	r3, #16
 518 0058 E8D8     		bhi	.L26
 238:Middlewares/ST/STM32_USB_Device_Library/Class/MSC/Src/usbd_msc_bot.c ****     {
 519              		.loc 1 238 5 is_stmt 1 view .LVU135
 238:Middlewares/ST/STM32_USB_Device_Library/Class/MSC/Src/usbd_msc_bot.c ****     {
 520              		.loc 1 238 9 is_stmt 0 view .LVU136
 521 005a 04F61B02 		addw	r2, r4, #2075
 522 005e 2846     		mov	r0, r5
 523 0060 FFF7FEFF 		bl	SCSI_ProcessCmd
 524              	.LVL46:
 238:Middlewares/ST/STM32_USB_Device_Library/Class/MSC/Src/usbd_msc_bot.c ****     {
 525              		.loc 1 238 8 view .LVU137
 526 0064 0028     		cmp	r0, #0
 527 0066 0CDB     		blt	.L34
 250:Middlewares/ST/STM32_USB_Device_Library/Class/MSC/Src/usbd_msc_bot.c ****              (hmsc->bot_state != USBD_BOT_DATA_OUT) &&
 528              		.loc 1 250 10 is_stmt 1 view .LVU138
 250:Middlewares/ST/STM32_USB_Device_Library/Class/MSC/Src/usbd_msc_bot.c ****              (hmsc->bot_state != USBD_BOT_DATA_OUT) &&
 529              		.loc 1 250 19 is_stmt 0 view .LVU139
 530 0068 237A     		ldrb	r3, [r4, #8]	@ zero_extendqisi2
 251:Middlewares/ST/STM32_USB_Device_Library/Class/MSC/Src/usbd_msc_bot.c ****              (hmsc->bot_state != USBD_BOT_LAST_DATA_IN))
 531              		.loc 1 251 53 view .LVU140
 532 006a 013B     		subs	r3, r3, #1
 533 006c DBB2     		uxtb	r3, r3
ARM GAS  /tmp/ccBNQ2No.s 			page 18


 250:Middlewares/ST/STM32_USB_Device_Library/Class/MSC/Src/usbd_msc_bot.c ****              (hmsc->bot_state != USBD_BOT_DATA_OUT) &&
 534              		.loc 1 250 13 view .LVU141
 535 006e 022B     		cmp	r3, #2
 536 0070 E8D9     		bls	.L25
 254:Middlewares/ST/STM32_USB_Device_Library/Class/MSC/Src/usbd_msc_bot.c ****       {
 537              		.loc 1 254 7 is_stmt 1 view .LVU142
 254:Middlewares/ST/STM32_USB_Device_Library/Class/MSC/Src/usbd_msc_bot.c ****       {
 538              		.loc 1 254 15 is_stmt 0 view .LVU143
 539 0072 6289     		ldrh	r2, [r4, #10]
 254:Middlewares/ST/STM32_USB_Device_Library/Class/MSC/Src/usbd_msc_bot.c ****       {
 540              		.loc 1 254 10 view .LVU144
 541 0074 8AB1     		cbz	r2, .L31
 256:Middlewares/ST/STM32_USB_Device_Library/Class/MSC/Src/usbd_msc_bot.c ****       }
 542              		.loc 1 256 9 is_stmt 1 view .LVU145
 543 0076 04F10C01 		add	r1, r4, #12
 544 007a 2846     		mov	r0, r5
 545 007c FFF7FEFF 		bl	MSC_BOT_SendData
 546              	.LVL47:
 547 0080 E0E7     		b	.L25
 548              	.L34:
 240:Middlewares/ST/STM32_USB_Device_Library/Class/MSC/Src/usbd_msc_bot.c ****       {
 549              		.loc 1 240 7 view .LVU146
 240:Middlewares/ST/STM32_USB_Device_Library/Class/MSC/Src/usbd_msc_bot.c ****       {
 550              		.loc 1 240 15 is_stmt 0 view .LVU147
 551 0082 237A     		ldrb	r3, [r4, #8]	@ zero_extendqisi2
 240:Middlewares/ST/STM32_USB_Device_Library/Class/MSC/Src/usbd_msc_bot.c ****       {
 552              		.loc 1 240 10 view .LVU148
 553 0084 052B     		cmp	r3, #5
 554 0086 03D0     		beq	.L35
 246:Middlewares/ST/STM32_USB_Device_Library/Class/MSC/Src/usbd_msc_bot.c ****       }
 555              		.loc 1 246 9 is_stmt 1 view .LVU149
 556 0088 2846     		mov	r0, r5
 557 008a FFF7FEFF 		bl	MSC_BOT_Abort
 558              	.LVL48:
 559 008e D9E7     		b	.L25
 560              	.L35:
 242:Middlewares/ST/STM32_USB_Device_Library/Class/MSC/Src/usbd_msc_bot.c ****       }
 561              		.loc 1 242 9 view .LVU150
 562 0090 0121     		movs	r1, #1
 563 0092 2846     		mov	r0, r5
 564 0094 FFF7FEFF 		bl	MSC_BOT_SendCSW
 565              	.LVL49:
 566 0098 D4E7     		b	.L25
 567              	.L31:
 258:Middlewares/ST/STM32_USB_Device_Library/Class/MSC/Src/usbd_msc_bot.c ****       {
 568              		.loc 1 258 12 view .LVU151
 260:Middlewares/ST/STM32_USB_Device_Library/Class/MSC/Src/usbd_msc_bot.c ****       }
 569              		.loc 1 260 9 view .LVU152
 570 009a 0021     		movs	r1, #0
 571 009c 2846     		mov	r0, r5
 572 009e FFF7FEFF 		bl	MSC_BOT_SendCSW
 573              	.LVL50:
 574 00a2 CFE7     		b	.L25
 575              	.L37:
 576              		.align	2
 577              	.L36:
 578 00a4 55534243 		.word	1128420181
ARM GAS  /tmp/ccBNQ2No.s 			page 19


 579              		.cfi_endproc
 580              	.LFE73:
 582              		.section	.text.MSC_BOT_DataOut,"ax",%progbits
 583              		.align	1
 584              		.global	MSC_BOT_DataOut
 585              		.syntax unified
 586              		.thumb
 587              		.thumb_func
 589              	MSC_BOT_DataOut:
 590              	.LVL51:
 591              	.LFB72:
 190:Middlewares/ST/STM32_USB_Device_Library/Class/MSC/Src/usbd_msc_bot.c ****   USBD_MSC_BOT_HandleTypeDef  *hmsc = (USBD_MSC_BOT_HandleTypeDef *)pdev->pClassData;
 592              		.loc 1 190 1 view -0
 593              		.cfi_startproc
 594              		@ args = 0, pretend = 0, frame = 0
 595              		@ frame_needed = 0, uses_anonymous_args = 0
 190:Middlewares/ST/STM32_USB_Device_Library/Class/MSC/Src/usbd_msc_bot.c ****   USBD_MSC_BOT_HandleTypeDef  *hmsc = (USBD_MSC_BOT_HandleTypeDef *)pdev->pClassData;
 596              		.loc 1 190 1 is_stmt 0 view .LVU154
 597 0000 10B5     		push	{r4, lr}
 598              	.LCFI7:
 599              		.cfi_def_cfa_offset 8
 600              		.cfi_offset 4, -8
 601              		.cfi_offset 14, -4
 602 0002 0446     		mov	r4, r0
 191:Middlewares/ST/STM32_USB_Device_Library/Class/MSC/Src/usbd_msc_bot.c **** 
 603              		.loc 1 191 3 is_stmt 1 view .LVU155
 191:Middlewares/ST/STM32_USB_Device_Library/Class/MSC/Src/usbd_msc_bot.c **** 
 604              		.loc 1 191 32 is_stmt 0 view .LVU156
 605 0004 D0F8B812 		ldr	r1, [r0, #696]
 606              	.LVL52:
 193:Middlewares/ST/STM32_USB_Device_Library/Class/MSC/Src/usbd_msc_bot.c ****   {
 607              		.loc 1 193 3 is_stmt 1 view .LVU157
 193:Middlewares/ST/STM32_USB_Device_Library/Class/MSC/Src/usbd_msc_bot.c ****   {
 608              		.loc 1 193 15 is_stmt 0 view .LVU158
 609 0008 0B7A     		ldrb	r3, [r1, #8]	@ zero_extendqisi2
 193:Middlewares/ST/STM32_USB_Device_Library/Class/MSC/Src/usbd_msc_bot.c ****   {
 610              		.loc 1 193 3 view .LVU159
 611 000a 13B1     		cbz	r3, .L39
 612 000c 012B     		cmp	r3, #1
 613 000e 03D0     		beq	.L40
 614              	.LVL53:
 615              	.L38:
 210:Middlewares/ST/STM32_USB_Device_Library/Class/MSC/Src/usbd_msc_bot.c **** 
 616              		.loc 1 210 1 view .LVU160
 617 0010 10BD     		pop	{r4, pc}
 618              	.LVL54:
 619              	.L39:
 196:Middlewares/ST/STM32_USB_Device_Library/Class/MSC/Src/usbd_msc_bot.c ****       break;
 620              		.loc 1 196 7 is_stmt 1 view .LVU161
 621 0012 FFF7FEFF 		bl	MSC_BOT_CBW_Decode
 622              	.LVL55:
 197:Middlewares/ST/STM32_USB_Device_Library/Class/MSC/Src/usbd_msc_bot.c **** 
 623              		.loc 1 197 7 view .LVU162
 624 0016 FBE7     		b	.L38
 625              	.LVL56:
 626              	.L40:
 201:Middlewares/ST/STM32_USB_Device_Library/Class/MSC/Src/usbd_msc_bot.c ****       {
ARM GAS  /tmp/ccBNQ2No.s 			page 20


 627              		.loc 1 201 7 view .LVU163
 201:Middlewares/ST/STM32_USB_Device_Library/Class/MSC/Src/usbd_msc_bot.c ****       {
 628              		.loc 1 201 11 is_stmt 0 view .LVU164
 629 0018 01F61B02 		addw	r2, r1, #2075
 630 001c 91F81918 		ldrb	r1, [r1, #2073]	@ zero_extendqisi2
 631              	.LVL57:
 201:Middlewares/ST/STM32_USB_Device_Library/Class/MSC/Src/usbd_msc_bot.c ****       {
 632              		.loc 1 201 11 view .LVU165
 633 0020 FFF7FEFF 		bl	SCSI_ProcessCmd
 634              	.LVL58:
 201:Middlewares/ST/STM32_USB_Device_Library/Class/MSC/Src/usbd_msc_bot.c ****       {
 635              		.loc 1 201 10 view .LVU166
 636 0024 0028     		cmp	r0, #0
 637 0026 F3DA     		bge	.L38
 203:Middlewares/ST/STM32_USB_Device_Library/Class/MSC/Src/usbd_msc_bot.c ****       }
 638              		.loc 1 203 9 is_stmt 1 view .LVU167
 639 0028 0121     		movs	r1, #1
 640 002a 2046     		mov	r0, r4
 641 002c FFF7FEFF 		bl	MSC_BOT_SendCSW
 642              	.LVL59:
 210:Middlewares/ST/STM32_USB_Device_Library/Class/MSC/Src/usbd_msc_bot.c **** 
 643              		.loc 1 210 1 is_stmt 0 view .LVU168
 644 0030 EEE7     		b	.L38
 645              		.cfi_endproc
 646              	.LFE72:
 648              		.section	.text.MSC_BOT_CplClrFeature,"ax",%progbits
 649              		.align	1
 650              		.global	MSC_BOT_CplClrFeature
 651              		.syntax unified
 652              		.thumb
 653              		.thumb_func
 655              	MSC_BOT_CplClrFeature:
 656              	.LVL60:
 657              	.LFB77:
 346:Middlewares/ST/STM32_USB_Device_Library/Class/MSC/Src/usbd_msc_bot.c **** 
 347:Middlewares/ST/STM32_USB_Device_Library/Class/MSC/Src/usbd_msc_bot.c **** /**
 348:Middlewares/ST/STM32_USB_Device_Library/Class/MSC/Src/usbd_msc_bot.c **** * @brief  MSC_BOT_CplClrFeature
 349:Middlewares/ST/STM32_USB_Device_Library/Class/MSC/Src/usbd_msc_bot.c **** *         Complete the clear feature request
 350:Middlewares/ST/STM32_USB_Device_Library/Class/MSC/Src/usbd_msc_bot.c **** * @param  pdev: device instance
 351:Middlewares/ST/STM32_USB_Device_Library/Class/MSC/Src/usbd_msc_bot.c **** * @param  epnum: endpoint index
 352:Middlewares/ST/STM32_USB_Device_Library/Class/MSC/Src/usbd_msc_bot.c **** * @retval None
 353:Middlewares/ST/STM32_USB_Device_Library/Class/MSC/Src/usbd_msc_bot.c **** */
 354:Middlewares/ST/STM32_USB_Device_Library/Class/MSC/Src/usbd_msc_bot.c **** 
 355:Middlewares/ST/STM32_USB_Device_Library/Class/MSC/Src/usbd_msc_bot.c **** void  MSC_BOT_CplClrFeature(USBD_HandleTypeDef  *pdev, uint8_t epnum)
 356:Middlewares/ST/STM32_USB_Device_Library/Class/MSC/Src/usbd_msc_bot.c **** {
 658              		.loc 1 356 1 is_stmt 1 view -0
 659              		.cfi_startproc
 660              		@ args = 0, pretend = 0, frame = 0
 661              		@ frame_needed = 0, uses_anonymous_args = 0
 662              		.loc 1 356 1 is_stmt 0 view .LVU170
 663 0000 10B5     		push	{r4, lr}
 664              	.LCFI8:
 665              		.cfi_def_cfa_offset 8
 666              		.cfi_offset 4, -8
 667              		.cfi_offset 14, -4
 357:Middlewares/ST/STM32_USB_Device_Library/Class/MSC/Src/usbd_msc_bot.c ****   USBD_MSC_BOT_HandleTypeDef  *hmsc = (USBD_MSC_BOT_HandleTypeDef *)pdev->pClassData;
 668              		.loc 1 357 3 is_stmt 1 view .LVU171
ARM GAS  /tmp/ccBNQ2No.s 			page 21


 669              		.loc 1 357 32 is_stmt 0 view .LVU172
 670 0002 D0F8B842 		ldr	r4, [r0, #696]
 671              	.LVL61:
 358:Middlewares/ST/STM32_USB_Device_Library/Class/MSC/Src/usbd_msc_bot.c **** 
 359:Middlewares/ST/STM32_USB_Device_Library/Class/MSC/Src/usbd_msc_bot.c ****   if (hmsc->bot_status == USBD_BOT_STATUS_ERROR) /* Bad CBW Signature */
 672              		.loc 1 359 3 is_stmt 1 view .LVU173
 673              		.loc 1 359 11 is_stmt 0 view .LVU174
 674 0006 637A     		ldrb	r3, [r4, #9]	@ zero_extendqisi2
 675              		.loc 1 359 6 view .LVU175
 676 0008 022B     		cmp	r3, #2
 677 000a 08D0     		beq	.L47
 360:Middlewares/ST/STM32_USB_Device_Library/Class/MSC/Src/usbd_msc_bot.c ****   {
 361:Middlewares/ST/STM32_USB_Device_Library/Class/MSC/Src/usbd_msc_bot.c ****     USBD_LL_StallEP(pdev, MSC_EPIN_ADDR);
 362:Middlewares/ST/STM32_USB_Device_Library/Class/MSC/Src/usbd_msc_bot.c ****     hmsc->bot_status = USBD_BOT_STATUS_NORMAL;
 363:Middlewares/ST/STM32_USB_Device_Library/Class/MSC/Src/usbd_msc_bot.c ****   }
 364:Middlewares/ST/STM32_USB_Device_Library/Class/MSC/Src/usbd_msc_bot.c ****   else if (((epnum & 0x80U) == 0x80U) && (hmsc->bot_status != USBD_BOT_STATUS_RECOVERY))
 678              		.loc 1 364 8 is_stmt 1 view .LVU176
 679              		.loc 1 364 11 is_stmt 0 view .LVU177
 680 000c 11F0800F 		tst	r1, #128
 681 0010 04D0     		beq	.L43
 682              		.loc 1 364 39 discriminator 1 view .LVU178
 683 0012 012B     		cmp	r3, #1
 684 0014 02D0     		beq	.L43
 365:Middlewares/ST/STM32_USB_Device_Library/Class/MSC/Src/usbd_msc_bot.c ****   {
 366:Middlewares/ST/STM32_USB_Device_Library/Class/MSC/Src/usbd_msc_bot.c ****     MSC_BOT_SendCSW(pdev, USBD_CSW_CMD_FAILED);
 685              		.loc 1 366 5 is_stmt 1 view .LVU179
 686 0016 0121     		movs	r1, #1
 687              	.LVL62:
 688              		.loc 1 366 5 is_stmt 0 view .LVU180
 689 0018 FFF7FEFF 		bl	MSC_BOT_SendCSW
 690              	.LVL63:
 691              	.L43:
 367:Middlewares/ST/STM32_USB_Device_Library/Class/MSC/Src/usbd_msc_bot.c ****   }
 368:Middlewares/ST/STM32_USB_Device_Library/Class/MSC/Src/usbd_msc_bot.c ****   else
 369:Middlewares/ST/STM32_USB_Device_Library/Class/MSC/Src/usbd_msc_bot.c ****   {
 370:Middlewares/ST/STM32_USB_Device_Library/Class/MSC/Src/usbd_msc_bot.c ****     return;
 371:Middlewares/ST/STM32_USB_Device_Library/Class/MSC/Src/usbd_msc_bot.c ****   }
 372:Middlewares/ST/STM32_USB_Device_Library/Class/MSC/Src/usbd_msc_bot.c **** }
 692              		.loc 1 372 1 view .LVU181
 693 001c 10BD     		pop	{r4, pc}
 694              	.LVL64:
 695              	.L47:
 361:Middlewares/ST/STM32_USB_Device_Library/Class/MSC/Src/usbd_msc_bot.c ****     hmsc->bot_status = USBD_BOT_STATUS_NORMAL;
 696              		.loc 1 361 5 is_stmt 1 view .LVU182
 697 001e 8121     		movs	r1, #129
 698              	.LVL65:
 361:Middlewares/ST/STM32_USB_Device_Library/Class/MSC/Src/usbd_msc_bot.c ****     hmsc->bot_status = USBD_BOT_STATUS_NORMAL;
 699              		.loc 1 361 5 is_stmt 0 view .LVU183
 700 0020 FFF7FEFF 		bl	USBD_LL_StallEP
 701              	.LVL66:
 362:Middlewares/ST/STM32_USB_Device_Library/Class/MSC/Src/usbd_msc_bot.c ****   }
 702              		.loc 1 362 5 is_stmt 1 view .LVU184
 362:Middlewares/ST/STM32_USB_Device_Library/Class/MSC/Src/usbd_msc_bot.c ****   }
 703              		.loc 1 362 22 is_stmt 0 view .LVU185
 704 0024 0023     		movs	r3, #0
 705 0026 6372     		strb	r3, [r4, #9]
 706 0028 F8E7     		b	.L43
ARM GAS  /tmp/ccBNQ2No.s 			page 22


 707              		.cfi_endproc
 708              	.LFE77:
 710              		.text
 711              	.Letext0:
 712              		.file 2 "/home/tanjie/EmbeddedLibrary/arm-gnu-toolchain-12.2.rel1-x86_64-arm-none-eabi/arm-none-ea
 713              		.file 3 "/home/tanjie/EmbeddedLibrary/arm-gnu-toolchain-12.2.rel1-x86_64-arm-none-eabi/arm-none-ea
 714              		.file 4 "Middlewares/ST/STM32_USB_Device_Library/Core/Inc/usbd_def.h"
 715              		.file 5 "Middlewares/ST/STM32_USB_Device_Library/Class/MSC/Inc/usbd_msc_bot.h"
 716              		.file 6 "Middlewares/ST/STM32_USB_Device_Library/Class/MSC/Inc/usbd_msc_scsi.h"
 717              		.file 7 "Middlewares/ST/STM32_USB_Device_Library/Class/MSC/Inc/usbd_msc.h"
 718              		.file 8 "Middlewares/ST/STM32_USB_Device_Library/Core/Inc/usbd_core.h"
ARM GAS  /tmp/ccBNQ2No.s 			page 23


DEFINED SYMBOLS
                            *ABS*:0000000000000000 usbd_msc_bot.c
     /tmp/ccBNQ2No.s:19     .text.MSC_BOT_SendData:0000000000000000 $t
     /tmp/ccBNQ2No.s:24     .text.MSC_BOT_SendData:0000000000000000 MSC_BOT_SendData
     /tmp/ccBNQ2No.s:83     .text.MSC_BOT_Abort:0000000000000000 $t
     /tmp/ccBNQ2No.s:88     .text.MSC_BOT_Abort:0000000000000000 MSC_BOT_Abort
     /tmp/ccBNQ2No.s:159    .text.MSC_BOT_Init:0000000000000000 $t
     /tmp/ccBNQ2No.s:165    .text.MSC_BOT_Init:0000000000000000 MSC_BOT_Init
     /tmp/ccBNQ2No.s:232    .text.MSC_BOT_Reset:0000000000000000 $t
     /tmp/ccBNQ2No.s:238    .text.MSC_BOT_Reset:0000000000000000 MSC_BOT_Reset
     /tmp/ccBNQ2No.s:276    .text.MSC_BOT_DeInit:0000000000000000 $t
     /tmp/ccBNQ2No.s:282    .text.MSC_BOT_DeInit:0000000000000000 MSC_BOT_DeInit
     /tmp/ccBNQ2No.s:304    .text.MSC_BOT_SendCSW:0000000000000000 $t
     /tmp/ccBNQ2No.s:310    .text.MSC_BOT_SendCSW:0000000000000000 MSC_BOT_SendCSW
     /tmp/ccBNQ2No.s:363    .text.MSC_BOT_SendCSW:0000000000000034 $d
     /tmp/ccBNQ2No.s:368    .text.MSC_BOT_DataIn:0000000000000000 $t
     /tmp/ccBNQ2No.s:374    .text.MSC_BOT_DataIn:0000000000000000 MSC_BOT_DataIn
     /tmp/ccBNQ2No.s:436    .text.MSC_BOT_CBW_Decode:0000000000000000 $t
     /tmp/ccBNQ2No.s:441    .text.MSC_BOT_CBW_Decode:0000000000000000 MSC_BOT_CBW_Decode
     /tmp/ccBNQ2No.s:578    .text.MSC_BOT_CBW_Decode:00000000000000a4 $d
     /tmp/ccBNQ2No.s:583    .text.MSC_BOT_DataOut:0000000000000000 $t
     /tmp/ccBNQ2No.s:589    .text.MSC_BOT_DataOut:0000000000000000 MSC_BOT_DataOut
     /tmp/ccBNQ2No.s:649    .text.MSC_BOT_CplClrFeature:0000000000000000 $t
     /tmp/ccBNQ2No.s:655    .text.MSC_BOT_CplClrFeature:0000000000000000 MSC_BOT_CplClrFeature

UNDEFINED SYMBOLS
USBD_LL_Transmit
USBD_LL_StallEP
USBD_LL_PrepareReceive
USBD_LL_FlushEP
SCSI_ProcessCmd
USBD_LL_GetRxDataSize
SCSI_SenseCode
